

Started GET "/" for 127.0.0.1 at 2015-07-27 11:34:30 +0200
Processing by Rails::WelcomeController#index as HTML
  Rendered /Library/Ruby/Gems/2.0.0/gems/railties-4.0.0/lib/rails/templates/rails/welcome/index.html.erb (1.6ms)
Completed 200 OK in 8ms (Views: 7.8ms | ActiveRecord: 0.0ms)


Started GET "/" for 127.0.0.1 at 2015-07-27 12:00:28 +0200
Processing by SiteController#home as HTML
  Rendered site/home.html.erb within layouts/application (1.4ms)
Completed 200 OK in 94ms (Views: 93.1ms | ActiveRecord: 0.0ms)


Started GET "/assets/application.css?body=1" for 127.0.0.1 at 2015-07-27 12:00:28 +0200


Started GET "/assets/jquery_ujs.js?body=1" for 127.0.0.1 at 2015-07-27 12:00:28 +0200


Started GET "/assets/site.css?body=1" for 127.0.0.1 at 2015-07-27 12:00:28 +0200


Started GET "/assets/jquery.js?body=1" for 127.0.0.1 at 2015-07-27 12:00:28 +0200


Started GET "/assets/application.js?body=1" for 127.0.0.1 at 2015-07-27 12:00:28 +0200


Started GET "/assets/site.js?body=1" for 127.0.0.1 at 2015-07-27 12:00:28 +0200


Started GET "/" for 127.0.0.1 at 2015-07-27 12:04:42 +0200
Processing by SiteController#home as HTML
  Rendered site/home.html.erb within layouts/application (0.3ms)
Completed 200 OK in 4ms (Views: 3.4ms | ActiveRecord: 0.0ms)


Started GET "/assets/application.css?body=1" for 127.0.0.1 at 2015-07-27 12:04:42 +0200


Started GET "/assets/site.css?body=1" for 127.0.0.1 at 2015-07-27 12:04:42 +0200


Started GET "/assets/jquery_ujs.js?body=1" for 127.0.0.1 at 2015-07-27 12:04:42 +0200


Started GET "/assets/jquery.js?body=1" for 127.0.0.1 at 2015-07-27 12:04:42 +0200


Started GET "/assets/site.js?body=1" for 127.0.0.1 at 2015-07-27 12:04:42 +0200


Started GET "/assets/application.js?body=1" for 127.0.0.1 at 2015-07-27 12:04:42 +0200


Started GET "/contact" for 127.0.0.1 at 2015-07-27 12:14:04 +0200
Processing by SiteController#contact as HTML
Completed 500 Internal Server Error in 8ms

ActionView::MissingTemplate (Missing template site/contact, application/contact with {:locale=>[:en], :formats=>[:html], :handlers=>[:erb, :builder, :raw, :ruby, :jbuilder]}. Searched in:
  * "/Users/nv/Projects/IronHack/Course/ror/timetracking/app/views"
):
  actionpack (4.0.0) lib/action_view/path_set.rb:46:in `find'
  actionpack (4.0.0) lib/action_view/lookup_context.rb:115:in `find'
  actionpack (4.0.0) lib/action_view/renderer/abstract_renderer.rb:18:in `find_template'
  actionpack (4.0.0) lib/action_view/renderer/template_renderer.rb:35:in `determine_template'
  actionpack (4.0.0) lib/action_view/renderer/template_renderer.rb:8:in `render'
  actionpack (4.0.0) lib/action_view/renderer/renderer.rb:42:in `render_template'
  actionpack (4.0.0) lib/action_view/renderer/renderer.rb:23:in `render'
  actionpack (4.0.0) lib/abstract_controller/rendering.rb:127:in `_render_template'
  actionpack (4.0.0) lib/action_controller/metal/streaming.rb:219:in `_render_template'
  actionpack (4.0.0) lib/abstract_controller/rendering.rb:120:in `render_to_body'
  actionpack (4.0.0) lib/action_controller/metal/rendering.rb:33:in `render_to_body'
  actionpack (4.0.0) lib/action_controller/metal/renderers.rb:26:in `render_to_body'
  actionpack (4.0.0) lib/abstract_controller/rendering.rb:97:in `render'
  actionpack (4.0.0) lib/action_controller/metal/rendering.rb:16:in `render'
  actionpack (4.0.0) lib/action_controller/metal/instrumentation.rb:41:in `block (2 levels) in render'
  activesupport (4.0.0) lib/active_support/core_ext/benchmark.rb:12:in `block in ms'
  /System/Library/Frameworks/Ruby.framework/Versions/2.0/usr/lib/ruby/2.0.0/benchmark.rb:296:in `realtime'
  activesupport (4.0.0) lib/active_support/core_ext/benchmark.rb:12:in `ms'
  actionpack (4.0.0) lib/action_controller/metal/instrumentation.rb:41:in `block in render'
  actionpack (4.0.0) lib/action_controller/metal/instrumentation.rb:84:in `cleanup_view_runtime'
  activerecord (4.0.0) lib/active_record/railties/controller_runtime.rb:25:in `cleanup_view_runtime'
  actionpack (4.0.0) lib/action_controller/metal/instrumentation.rb:40:in `render'
  actionpack (4.0.0) lib/action_controller/metal/implicit_render.rb:10:in `default_render'
  actionpack (4.0.0) lib/action_controller/metal/implicit_render.rb:5:in `send_action'
  actionpack (4.0.0) lib/abstract_controller/base.rb:189:in `process_action'
  actionpack (4.0.0) lib/action_controller/metal/rendering.rb:10:in `process_action'
  actionpack (4.0.0) lib/abstract_controller/callbacks.rb:18:in `block in process_action'
  activesupport (4.0.0) lib/active_support/callbacks.rb:383:in `_run__2211485001358147609__process_action__callbacks'
  activesupport (4.0.0) lib/active_support/callbacks.rb:80:in `run_callbacks'
  actionpack (4.0.0) lib/abstract_controller/callbacks.rb:17:in `process_action'
  actionpack (4.0.0) lib/action_controller/metal/rescue.rb:29:in `process_action'
  actionpack (4.0.0) lib/action_controller/metal/instrumentation.rb:31:in `block in process_action'
  activesupport (4.0.0) lib/active_support/notifications.rb:159:in `block in instrument'
  activesupport (4.0.0) lib/active_support/notifications/instrumenter.rb:20:in `instrument'
  activesupport (4.0.0) lib/active_support/notifications.rb:159:in `instrument'
  actionpack (4.0.0) lib/action_controller/metal/instrumentation.rb:30:in `process_action'
  actionpack (4.0.0) lib/action_controller/metal/params_wrapper.rb:245:in `process_action'
  activerecord (4.0.0) lib/active_record/railties/controller_runtime.rb:18:in `process_action'
  actionpack (4.0.0) lib/abstract_controller/base.rb:136:in `process'
  actionpack (4.0.0) lib/abstract_controller/rendering.rb:44:in `process'
  actionpack (4.0.0) lib/action_controller/metal.rb:195:in `dispatch'
  actionpack (4.0.0) lib/action_controller/metal/rack_delegation.rb:13:in `dispatch'
  actionpack (4.0.0) lib/action_controller/metal.rb:231:in `block in action'
  actionpack (4.0.0) lib/action_dispatch/routing/route_set.rb:80:in `call'
  actionpack (4.0.0) lib/action_dispatch/routing/route_set.rb:80:in `dispatch'
  actionpack (4.0.0) lib/action_dispatch/routing/route_set.rb:48:in `call'
  actionpack (4.0.0) lib/action_dispatch/journey/router.rb:71:in `block in call'
  actionpack (4.0.0) lib/action_dispatch/journey/router.rb:59:in `each'
  actionpack (4.0.0) lib/action_dispatch/journey/router.rb:59:in `call'
  actionpack (4.0.0) lib/action_dispatch/routing/route_set.rb:655:in `call'
  rack (1.5.5) lib/rack/etag.rb:23:in `call'
  rack (1.5.5) lib/rack/conditionalget.rb:25:in `call'
  rack (1.5.5) lib/rack/head.rb:11:in `call'
  actionpack (4.0.0) lib/action_dispatch/middleware/params_parser.rb:27:in `call'
  actionpack (4.0.0) lib/action_dispatch/middleware/flash.rb:241:in `call'
  rack (1.5.5) lib/rack/session/abstract/id.rb:225:in `context'
  rack (1.5.5) lib/rack/session/abstract/id.rb:220:in `call'
  actionpack (4.0.0) lib/action_dispatch/middleware/cookies.rb:486:in `call'
  activerecord (4.0.0) lib/active_record/query_cache.rb:36:in `call'
  activerecord (4.0.0) lib/active_record/connection_adapters/abstract/connection_pool.rb:626:in `call'
  activerecord (4.0.0) lib/active_record/migration.rb:369:in `call'
  actionpack (4.0.0) lib/action_dispatch/middleware/callbacks.rb:29:in `block in call'
  activesupport (4.0.0) lib/active_support/callbacks.rb:373:in `_run__1636929610341325035__call__callbacks'
  activesupport (4.0.0) lib/active_support/callbacks.rb:80:in `run_callbacks'
  actionpack (4.0.0) lib/action_dispatch/middleware/callbacks.rb:27:in `call'
  actionpack (4.0.0) lib/action_dispatch/middleware/reloader.rb:64:in `call'
  actionpack (4.0.0) lib/action_dispatch/middleware/remote_ip.rb:76:in `call'
  actionpack (4.0.0) lib/action_dispatch/middleware/debug_exceptions.rb:17:in `call'
  actionpack (4.0.0) lib/action_dispatch/middleware/show_exceptions.rb:30:in `call'
  railties (4.0.0) lib/rails/rack/logger.rb:38:in `call_app'
  railties (4.0.0) lib/rails/rack/logger.rb:21:in `block in call'
  activesupport (4.0.0) lib/active_support/tagged_logging.rb:67:in `block in tagged'
  activesupport (4.0.0) lib/active_support/tagged_logging.rb:25:in `tagged'
  activesupport (4.0.0) lib/active_support/tagged_logging.rb:67:in `tagged'
  railties (4.0.0) lib/rails/rack/logger.rb:21:in `call'
  actionpack (4.0.0) lib/action_dispatch/middleware/request_id.rb:21:in `call'
  rack (1.5.5) lib/rack/methodoverride.rb:21:in `call'
  rack (1.5.5) lib/rack/runtime.rb:17:in `call'
  activesupport (4.0.0) lib/active_support/cache/strategy/local_cache.rb:83:in `call'
  rack (1.5.5) lib/rack/lock.rb:17:in `call'
  actionpack (4.0.0) lib/action_dispatch/middleware/static.rb:64:in `call'
  railties (4.0.0) lib/rails/engine.rb:511:in `call'
  railties (4.0.0) lib/rails/application.rb:97:in `call'
  rack (1.5.5) lib/rack/lock.rb:17:in `call'
  rack (1.5.5) lib/rack/content_length.rb:14:in `call'
  rack (1.5.5) lib/rack/handler/webrick.rb:60:in `service'
  /System/Library/Frameworks/Ruby.framework/Versions/2.0/usr/lib/ruby/2.0.0/webrick/httpserver.rb:138:in `service'
  /System/Library/Frameworks/Ruby.framework/Versions/2.0/usr/lib/ruby/2.0.0/webrick/httpserver.rb:94:in `run'
  /System/Library/Frameworks/Ruby.framework/Versions/2.0/usr/lib/ruby/2.0.0/webrick/server.rb:295:in `block in start_thread'


  Rendered /Library/Ruby/Gems/2.0.0/gems/actionpack-4.0.0/lib/action_dispatch/middleware/templates/rescues/missing_template.erb within rescues/layout (1.3ms)


Started GET "/contact" for 127.0.0.1 at 2015-07-27 12:14:46 +0200
Processing by SiteController#contact as HTML
  Rendered site/contact.html.erb within layouts/application (0.3ms)
Completed 200 OK in 49ms (Views: 48.6ms | ActiveRecord: 0.0ms)


Started GET "/assets/application.css?body=1" for 127.0.0.1 at 2015-07-27 12:14:46 +0200


Started GET "/assets/site.js?body=1" for 127.0.0.1 at 2015-07-27 12:14:47 +0200


Started GET "/assets/jquery_ujs.js?body=1" for 127.0.0.1 at 2015-07-27 12:14:47 +0200


Started GET "/assets/jquery.js?body=1" for 127.0.0.1 at 2015-07-27 12:14:47 +0200


Started GET "/assets/site.css?body=1" for 127.0.0.1 at 2015-07-27 12:14:47 +0200


Started GET "/assets/application.js?body=1" for 127.0.0.1 at 2015-07-27 12:14:47 +0200
  [1m[36m (24.8ms)[0m  [1mCREATE TABLE "schema_migrations" ("version" character varying(255) NOT NULL) [0m
  [1m[35m (5.2ms)[0m  CREATE UNIQUE INDEX "unique_schema_migrations" ON "schema_migrations" ("version")
  [1m[36mActiveRecord::SchemaMigration Load (1.0ms)[0m  [1mSELECT "schema_migrations".* FROM "schema_migrations"[0m
Migrating to CreateProjects (20150727130609)
  [1m[35m (0.1ms)[0m  BEGIN
  [1m[36m (13.3ms)[0m  [1mCREATE TABLE "projects" ("id" serial primary key, "name" character varying(255), "created_at" timestamp NOT NULL, "updated_at" timestamp NOT NULL) [0m
  [1m[35mSQL (0.8ms)[0m  INSERT INTO "schema_migrations" ("version") VALUES ($1)  [["version", "20150727130609"]]
  [1m[36m (0.4ms)[0m  [1mCOMMIT[0m
  [1m[35mActiveRecord::SchemaMigration Load (0.2ms)[0m  SELECT "schema_migrations".* FROM "schema_migrations"
  [1m[36mActiveRecord::SchemaMigration Load (0.6ms)[0m  [1mSELECT "schema_migrations".* FROM "schema_migrations"[0m
Migrating to AddDescriptionToProjects (20150727133504)
  [1m[35m (0.1ms)[0m  BEGIN
  [1m[36m (2.7ms)[0m  [1mALTER TABLE "projects" ADD COLUMN "description" text[0m
  [1m[35mSQL (0.5ms)[0m  INSERT INTO "schema_migrations" ("version") VALUES ($1)  [["version", "20150727133504"]]
  [1m[36m (0.5ms)[0m  [1mCOMMIT[0m
  [1m[35mActiveRecord::SchemaMigration Load (0.2ms)[0m  SELECT "schema_migrations".* FROM "schema_migrations"
  [1m[36m (0.2ms)[0m  [1mBEGIN[0m
  [1m[35mSQL (6.8ms)[0m  INSERT INTO "projects" ("created_at", "description", "name", "updated_at") VALUES ($1, $2, $3, $4) RETURNING "id"  [["created_at", Mon, 27 Jul 2015 13:44:29 UTC +00:00], ["description", "Web development project"], ["name", "Ironhack"], ["updated_at", Mon, 27 Jul 2015 13:44:29 UTC +00:00]]
  [1m[36m (0.5ms)[0m  [1mCOMMIT[0m
  [1m[36m (0.2ms)[0m  [1mBEGIN[0m
  [1m[35mSQL (2.9ms)[0m  INSERT INTO "projects" ("created_at", "description", "name", "updated_at") VALUES ($1, $2, $3, $4) RETURNING "id"  [["created_at", Mon, 27 Jul 2015 13:51:05 UTC +00:00], ["description", "This is a new description"], ["name", "Ironhack2"], ["updated_at", Mon, 27 Jul 2015 13:51:05 UTC +00:00]]
  [1m[36m (0.9ms)[0m  [1mCOMMIT[0m
  [1m[35m (0.2ms)[0m  BEGIN
  [1m[36mSQL (0.5ms)[0m  [1mINSERT INTO "projects" ("created_at", "description", "name", "updated_at") VALUES ($1, $2, $3, $4) RETURNING "id"[0m  [["created_at", Mon, 27 Jul 2015 13:51:55 UTC +00:00], ["description", "Another description"], ["name", "Ironhack3"], ["updated_at", Mon, 27 Jul 2015 13:51:55 UTC +00:00]]
  [1m[35m (1.0ms)[0m  COMMIT
  [1m[36m (0.1ms)[0m  [1mBEGIN[0m
  [1m[35mSQL (0.4ms)[0m  INSERT INTO "projects" ("created_at", "description", "name", "updated_at") VALUES ($1, $2, $3, $4) RETURNING "id"  [["created_at", Mon, 27 Jul 2015 13:52:14 UTC +00:00], ["description", "Yet Another description"], ["name", "Ironhack4"], ["updated_at", Mon, 27 Jul 2015 13:52:14 UTC +00:00]]
  [1m[36m (1.0ms)[0m  [1mCOMMIT[0m
  [1m[35mProject Load (1.1ms)[0m  SELECT "projects".* FROM "projects" WHERE "projects"."id" = $1 LIMIT 1  [["id", 1]]
  [1m[36mProject Load (0.7ms)[0m  [1mSELECT "projects".* FROM "projects" ORDER BY "projects"."id" ASC LIMIT 1[0m
  [1m[35mProject Load (1.5ms)[0m  SELECT "projects".* FROM "projects" WHERE "projects"."name" = 'Ironhack'
  [1m[36mProject Load (0.4ms)[0m  [1mSELECT "projects".* FROM "projects" WHERE "projects"."name" = 'Ironhack'[0m
  [1m[35mProject Load (0.5ms)[0m  SELECT "projects".* FROM "projects" WHERE "projects"."name" = 'Ironhack' LIMIT 1
  [1m[36mProject Load (0.4ms)[0m  [1mSELECT "projects".* FROM "projects" WHERE "projects"."name" = 'Ironhacask' LIMIT 1[0m
  [1m[35mProject Load (0.5ms)[0m  SELECT "projects".* FROM "projects" WHERE "projects"."name" = 'Ironhacask' LIMIT 1
  [1m[36mProject Load (0.4ms)[0m  [1mSELECT "projects".* FROM "projects"[0m
  [1m[35mProject Load (0.7ms)[0m  SELECT "projects".* FROM "projects" WHERE ("projects"."name" != 'Ironhack')
  [1m[36mProject Load (0.7ms)[0m  [1mSELECT "projects".* FROM "projects" WHERE "projects"."name" = 'Ironhack' AND "projects"."id" = 1[0m
  [1m[35mProject Load (2.0ms)[0m  SELECT "projects".* FROM "projects" WHERE (name like 'Iron%')
  [1m[36mProject Load (2.2ms)[0m  [1mSELECT "projects".* FROM "projects" WHERE (created_at > '2015-06-27') AND (updated_at > '2015-07-26') ORDER BY name ASC LIMIT 10[0m
  [1m[35mProject Load (0.7ms)[0m  SELECT "projects".* FROM "projects" WHERE (created_at > '2015-06-27') AND (updated_at > '2015-07-26') ORDER BY name ASC LIMIT 10
  [1m[36mProject Load (0.5ms)[0m  [1mSELECT "projects".* FROM "projects" WHERE (created_at > '2015-06-27') AND (updated_at > '2015-07-26') ORDER BY name ASC LIMIT 10[0m
  [1m[36mProject Load (1.7ms)[0m  [1mSELECT "projects".* FROM "projects" WHERE "projects"."id" = 2[0m
  [1m[35mProject Load (0.5ms)[0m  SELECT "projects".* FROM "projects" WHERE "projects"."id" = 98
  [1m[36mProject Load (0.7ms)[0m  [1mSELECT "projects".* FROM "projects" WHERE "projects"."id" = 98 ORDER BY "projects"."id" ASC LIMIT 1[0m
  [1m[35mProject Load (4.4ms)[0m  SELECT "projects".* FROM "projects" WHERE "projects"."id" = $1 LIMIT 1  [["id", 1]]
  [1m[36m (0.2ms)[0m  [1mBEGIN[0m
  [1m[35mSQL (2.5ms)[0m  UPDATE "projects" SET "name" = $1, "updated_at" = $2 WHERE "projects"."id" = 1  [["name", "Ironhack new"], ["updated_at", Mon, 27 Jul 2015 15:21:11 UTC +00:00]]
  [1m[36m (0.4ms)[0m  [1mCOMMIT[0m
  [1m[36mProject Load (1.5ms)[0m  [1mSELECT "projects".* FROM "projects" WHERE (created_at < '2015-07-20')[0m
  [1m[36m (5049.6ms)[0m  [1mDROP DATABASE IF EXISTS "timetracking_development"[0m
PG::ObjectInUse: ERROR:  database "timetracking_development" is being accessed by other users
DETAIL:  There are 3 other sessions using the database.
: DROP DATABASE IF EXISTS "timetracking_development"
  [1m[35m (122.0ms)[0m  DROP DATABASE IF EXISTS "timetracking_test"
  [1m[36m (0.2ms)[0m  [1mCREATE DATABASE "timetracking_development" ENCODING = 'unicode'[0m
PG::DuplicateDatabase: ERROR:  database "timetracking_development" already exists
: CREATE DATABASE "timetracking_development" ENCODING = 'unicode'
  [1m[35m (378.8ms)[0m  CREATE DATABASE "timetracking_test" ENCODING = 'unicode'
  [1m[36mSQL (2.0ms)[0m  [1mCREATE EXTENSION IF NOT EXISTS "plpgsql"[0m
  [1m[35m (5.1ms)[0m  DROP TABLE "projects"
  [1m[36m (6.4ms)[0m  [1mCREATE TABLE "projects" ("id" serial primary key, "name" character varying(255), "created_at" timestamp NOT NULL, "updated_at" timestamp NOT NULL, "description" text) [0m
  [1m[35m (0.5ms)[0m  SELECT version FROM "schema_migrations"
  [1m[36mActiveRecord::SchemaMigration Load (0.2ms)[0m  [1mSELECT "schema_migrations".* FROM "schema_migrations"[0m
  [1m[35m (0.1ms)[0m  BEGIN
  [1m[36mSQL (7.1ms)[0m  [1mINSERT INTO "projects" ("created_at", "description", "name", "updated_at") VALUES ($1, $2, $3, $4) RETURNING "id"[0m  [["created_at", Mon, 27 Jul 2015 15:46:35 UTC +00:00], ["description", "This is a silly test"], ["name", "Ironhack"], ["updated_at", Mon, 27 Jul 2015 15:46:35 UTC +00:00]]
  [1m[35m (0.4ms)[0m  COMMIT
  [1m[36m (0.1ms)[0m  [1mBEGIN[0m
  [1m[35mSQL (0.3ms)[0m  INSERT INTO "projects" ("created_at", "description", "name", "updated_at") VALUES ($1, $2, $3, $4) RETURNING "id"  [["created_at", Mon, 27 Jul 2015 15:46:35 UTC +00:00], ["description", "This is a silly test"], ["name", "Ironhack 45"], ["updated_at", Mon, 27 Jul 2015 15:46:35 UTC +00:00]]
  [1m[36m (0.3ms)[0m  [1mCOMMIT[0m
  [1m[35m (0.1ms)[0m  BEGIN
  [1m[36mSQL (0.2ms)[0m  [1mINSERT INTO "projects" ("created_at", "description", "name", "updated_at") VALUES ($1, $2, $3, $4) RETURNING "id"[0m  [["created_at", Mon, 27 Jul 2015 15:46:35 UTC +00:00], ["description", "This is a silly apple"], ["name", "Ironhack 85"], ["updated_at", Mon, 27 Jul 2015 15:46:35 UTC +00:00]]
  [1m[35m (0.3ms)[0m  COMMIT
  [1m[36m (0.1ms)[0m  [1mBEGIN[0m
  [1m[35mSQL (0.3ms)[0m  INSERT INTO "projects" ("created_at", "description", "name", "updated_at") VALUES ($1, $2, $3, $4) RETURNING "id"  [["created_at", Mon, 27 Jul 2015 15:46:35 UTC +00:00], ["description", "This is a silly pear"], ["name", "Ironhack 54"], ["updated_at", Mon, 27 Jul 2015 15:46:35 UTC +00:00]]
  [1m[36m (0.2ms)[0m  [1mCOMMIT[0m
  [1m[35m (0.1ms)[0m  BEGIN
  [1m[36mSQL (0.2ms)[0m  [1mINSERT INTO "projects" ("created_at", "description", "name", "updated_at") VALUES ($1, $2, $3, $4) RETURNING "id"[0m  [["created_at", Mon, 27 Jul 2015 15:46:35 UTC +00:00], ["description", "This is a silly watermelon"], ["name", "Ironhack 99"], ["updated_at", Mon, 27 Jul 2015 15:46:35 UTC +00:00]]
  [1m[35m (0.3ms)[0m  COMMIT
  [1m[36m (0.1ms)[0m  [1mBEGIN[0m
  [1m[35mSQL (0.2ms)[0m  INSERT INTO "projects" ("created_at", "description", "name", "updated_at") VALUES ($1, $2, $3, $4) RETURNING "id"  [["created_at", Mon, 27 Jul 2015 15:46:35 UTC +00:00], ["description", "This is a silly cloud"], ["name", "Ironhack 34"], ["updated_at", Mon, 27 Jul 2015 15:46:35 UTC +00:00]]
  [1m[36m (0.3ms)[0m  [1mCOMMIT[0m
  [1m[36mActiveRecord::SchemaMigration Load (0.6ms)[0m  [1mSELECT "schema_migrations".* FROM "schema_migrations"[0m
  [1m[35m (0.1ms)[0m  BEGIN
  [1m[36mSQL (3.6ms)[0m  [1mINSERT INTO "projects" ("created_at", "description", "name", "updated_at") VALUES ($1, $2, $3, $4) RETURNING "id"[0m  [["created_at", Mon, 27 Jul 2015 15:54:27 UTC +00:00], ["description", "This is a silly test"], ["name", "Ironhack"], ["updated_at", Mon, 27 Jul 2015 15:54:27 UTC +00:00]]
  [1m[35m (0.4ms)[0m  COMMIT
  [1m[36m (0.1ms)[0m  [1mBEGIN[0m
  [1m[35mSQL (0.2ms)[0m  INSERT INTO "projects" ("created_at", "description", "name", "updated_at") VALUES ($1, $2, $3, $4) RETURNING "id"  [["created_at", Mon, 27 Jul 2015 15:54:27 UTC +00:00], ["description", "This is a silly jdgkjsjd"], ["name", "Ironhack 75"], ["updated_at", Mon, 27 Jul 2015 15:54:27 UTC +00:00]]
  [1m[36m (0.3ms)[0m  [1mCOMMIT[0m
  [1m[35m (0.1ms)[0m  BEGIN
  [1m[36mSQL (0.3ms)[0m  [1mINSERT INTO "projects" ("created_at", "description", "name", "updated_at") VALUES ($1, $2, $3, $4) RETURNING "id"[0m  [["created_at", Mon, 27 Jul 2015 15:54:27 UTC +00:00], ["description", "lañkfl aklsjfkla skljaklsf"], ["name", "Ironhack 85"], ["updated_at", Mon, 27 Jul 2015 15:54:27 UTC +00:00]]
  [1m[35m (0.4ms)[0m  COMMIT
  [1m[36m (0.1ms)[0m  [1mBEGIN[0m
  [1m[35mSQL (0.2ms)[0m  INSERT INTO "projects" ("created_at", "description", "name", "updated_at") VALUES ($1, $2, $3, $4) RETURNING "id"  [["created_at", Mon, 27 Jul 2015 15:54:27 UTC +00:00], ["description", "This is a silly pear"], ["name", "Ironhack 54"], ["updated_at", Mon, 27 Jul 2015 15:54:27 UTC +00:00]]
  [1m[36m (0.4ms)[0m  [1mCOMMIT[0m
  [1m[35m (0.1ms)[0m  BEGIN
  [1m[36mSQL (0.3ms)[0m  [1mINSERT INTO "projects" ("created_at", "description", "name", "updated_at") VALUES ($1, $2, $3, $4) RETURNING "id"[0m  [["created_at", Mon, 27 Jul 2015 15:54:27 UTC +00:00], ["description", "This is a silly watermelon"], ["name", "Ironhack 99"], ["updated_at", Mon, 27 Jul 2015 15:54:27 UTC +00:00]]
  [1m[35m (0.3ms)[0m  COMMIT
  [1m[36m (0.1ms)[0m  [1mBEGIN[0m
  [1m[35mSQL (0.2ms)[0m  INSERT INTO "projects" ("created_at", "description", "name", "updated_at") VALUES ($1, $2, $3, $4) RETURNING "id"  [["created_at", Mon, 27 Jul 2015 15:54:27 UTC +00:00], ["description", "This is a silly cloud"], ["name", "Ironhack 34"], ["updated_at", Mon, 27 Jul 2015 15:54:27 UTC +00:00]]
  [1m[36m (0.3ms)[0m  [1mCOMMIT[0m
  [1m[35m (0.1ms)[0m  BEGIN
  [1m[36mSQL (0.2ms)[0m  [1mINSERT INTO "projects" ("created_at", "description", "name", "updated_at") VALUES ($1, $2, $3, $4) RETURNING "id"[0m  [["created_at", Mon, 27 Jul 2015 15:54:27 UTC +00:00], ["description", "This is a silly \#{x} cloud"], ["name", "Ironhack \#{x}"], ["updated_at", Mon, 27 Jul 2015 15:54:27 UTC +00:00]]
  [1m[35m (0.3ms)[0m  COMMIT
  [1m[36m (0.1ms)[0m  [1mBEGIN[0m
  [1m[35mSQL (0.2ms)[0m  INSERT INTO "projects" ("created_at", "description", "name", "updated_at") VALUES ($1, $2, $3, $4) RETURNING "id"  [["created_at", Mon, 27 Jul 2015 15:54:27 UTC +00:00], ["description", "This is a silly \#{x} cloud"], ["name", "Ironhack \#{x}"], ["updated_at", Mon, 27 Jul 2015 15:54:27 UTC +00:00]]
  [1m[36m (0.3ms)[0m  [1mCOMMIT[0m
  [1m[35m (0.1ms)[0m  BEGIN
  [1m[36mSQL (0.2ms)[0m  [1mINSERT INTO "projects" ("created_at", "description", "name", "updated_at") VALUES ($1, $2, $3, $4) RETURNING "id"[0m  [["created_at", Mon, 27 Jul 2015 15:54:27 UTC +00:00], ["description", "This is a silly \#{x} cloud"], ["name", "Ironhack \#{x}"], ["updated_at", Mon, 27 Jul 2015 15:54:27 UTC +00:00]]
  [1m[35m (0.3ms)[0m  COMMIT
  [1m[36m (0.1ms)[0m  [1mBEGIN[0m
  [1m[35mSQL (0.2ms)[0m  INSERT INTO "projects" ("created_at", "description", "name", "updated_at") VALUES ($1, $2, $3, $4) RETURNING "id"  [["created_at", Mon, 27 Jul 2015 15:54:27 UTC +00:00], ["description", "This is a silly \#{x} cloud"], ["name", "Ironhack \#{x}"], ["updated_at", Mon, 27 Jul 2015 15:54:27 UTC +00:00]]
  [1m[36m (0.3ms)[0m  [1mCOMMIT[0m
  [1m[35m (0.1ms)[0m  BEGIN
  [1m[36mSQL (0.2ms)[0m  [1mINSERT INTO "projects" ("created_at", "description", "name", "updated_at") VALUES ($1, $2, $3, $4) RETURNING "id"[0m  [["created_at", Mon, 27 Jul 2015 15:54:27 UTC +00:00], ["description", "This is a silly \#{x} cloud"], ["name", "Ironhack \#{x}"], ["updated_at", Mon, 27 Jul 2015 15:54:27 UTC +00:00]]
  [1m[35m (0.3ms)[0m  COMMIT
  [1m[36m (0.1ms)[0m  [1mBEGIN[0m
  [1m[35mSQL (0.2ms)[0m  INSERT INTO "projects" ("created_at", "description", "name", "updated_at") VALUES ($1, $2, $3, $4) RETURNING "id"  [["created_at", Mon, 27 Jul 2015 15:54:27 UTC +00:00], ["description", "This is a silly \#{x} cloud"], ["name", "Ironhack \#{x}"], ["updated_at", Mon, 27 Jul 2015 15:54:27 UTC +00:00]]
  [1m[36m (0.3ms)[0m  [1mCOMMIT[0m
  [1m[35m (0.1ms)[0m  BEGIN
  [1m[36mSQL (0.2ms)[0m  [1mINSERT INTO "projects" ("created_at", "description", "name", "updated_at") VALUES ($1, $2, $3, $4) RETURNING "id"[0m  [["created_at", Mon, 27 Jul 2015 15:54:27 UTC +00:00], ["description", "This is a silly \#{x} cloud"], ["name", "Ironhack \#{x}"], ["updated_at", Mon, 27 Jul 2015 15:54:27 UTC +00:00]]
  [1m[35m (0.3ms)[0m  COMMIT
  [1m[36m (0.1ms)[0m  [1mBEGIN[0m
  [1m[35mSQL (0.2ms)[0m  INSERT INTO "projects" ("created_at", "description", "name", "updated_at") VALUES ($1, $2, $3, $4) RETURNING "id"  [["created_at", Mon, 27 Jul 2015 15:54:27 UTC +00:00], ["description", "This is a silly \#{x} cloud"], ["name", "Ironhack \#{x}"], ["updated_at", Mon, 27 Jul 2015 15:54:27 UTC +00:00]]
  [1m[36m (0.3ms)[0m  [1mCOMMIT[0m
  [1m[35m (0.1ms)[0m  BEGIN
  [1m[36mSQL (0.3ms)[0m  [1mINSERT INTO "projects" ("created_at", "description", "name", "updated_at") VALUES ($1, $2, $3, $4) RETURNING "id"[0m  [["created_at", Mon, 27 Jul 2015 15:54:27 UTC +00:00], ["description", "This is a silly \#{x} cloud"], ["name", "Ironhack \#{x}"], ["updated_at", Mon, 27 Jul 2015 15:54:27 UTC +00:00]]
  [1m[35m (0.3ms)[0m  COMMIT
  [1m[36m (0.1ms)[0m  [1mBEGIN[0m
  [1m[35mSQL (0.2ms)[0m  INSERT INTO "projects" ("created_at", "description", "name", "updated_at") VALUES ($1, $2, $3, $4) RETURNING "id"  [["created_at", Mon, 27 Jul 2015 15:54:27 UTC +00:00], ["description", "This is a silly \#{x} cloud"], ["name", "Ironhack \#{x}"], ["updated_at", Mon, 27 Jul 2015 15:54:27 UTC +00:00]]
  [1m[36m (0.3ms)[0m  [1mCOMMIT[0m
  [1m[35m (0.1ms)[0m  BEGIN
  [1m[36mSQL (0.2ms)[0m  [1mINSERT INTO "projects" ("created_at", "description", "name", "updated_at") VALUES ($1, $2, $3, $4) RETURNING "id"[0m  [["created_at", Mon, 27 Jul 2015 15:54:27 UTC +00:00], ["description", "This is a silly \#{x} cloud"], ["name", "Ironhack \#{x}"], ["updated_at", Mon, 27 Jul 2015 15:54:27 UTC +00:00]]
  [1m[35m (0.3ms)[0m  COMMIT
  [1m[36m (0.1ms)[0m  [1mBEGIN[0m
  [1m[35mSQL (0.2ms)[0m  INSERT INTO "projects" ("created_at", "description", "name", "updated_at") VALUES ($1, $2, $3, $4) RETURNING "id"  [["created_at", Mon, 27 Jul 2015 15:54:27 UTC +00:00], ["description", "This is a silly \#{x} cloud"], ["name", "Ironhack \#{x}"], ["updated_at", Mon, 27 Jul 2015 15:54:27 UTC +00:00]]
  [1m[36m (0.2ms)[0m  [1mCOMMIT[0m
  [1m[35m (0.1ms)[0m  BEGIN
  [1m[36mSQL (0.2ms)[0m  [1mINSERT INTO "projects" ("created_at", "description", "name", "updated_at") VALUES ($1, $2, $3, $4) RETURNING "id"[0m  [["created_at", Mon, 27 Jul 2015 15:54:27 UTC +00:00], ["description", "This is a silly \#{x} cloud"], ["name", "Ironhack \#{x}"], ["updated_at", Mon, 27 Jul 2015 15:54:27 UTC +00:00]]
  [1m[35m (0.3ms)[0m  COMMIT
  [1m[36m (0.1ms)[0m  [1mBEGIN[0m
  [1m[35mSQL (0.2ms)[0m  INSERT INTO "projects" ("created_at", "description", "name", "updated_at") VALUES ($1, $2, $3, $4) RETURNING "id"  [["created_at", Mon, 27 Jul 2015 15:54:27 UTC +00:00], ["description", "This is a silly \#{x} cloud"], ["name", "Ironhack \#{x}"], ["updated_at", Mon, 27 Jul 2015 15:54:27 UTC +00:00]]
  [1m[36m (0.3ms)[0m  [1mCOMMIT[0m
  [1m[35m (0.1ms)[0m  BEGIN
  [1m[36mSQL (0.2ms)[0m  [1mINSERT INTO "projects" ("created_at", "description", "name", "updated_at") VALUES ($1, $2, $3, $4) RETURNING "id"[0m  [["created_at", Mon, 27 Jul 2015 15:54:27 UTC +00:00], ["description", "This is a silly \#{x} cloud"], ["name", "Ironhack \#{x}"], ["updated_at", Mon, 27 Jul 2015 15:54:27 UTC +00:00]]
  [1m[35m (0.3ms)[0m  COMMIT
  [1m[36m (0.1ms)[0m  [1mBEGIN[0m
  [1m[35mSQL (0.2ms)[0m  INSERT INTO "projects" ("created_at", "description", "name", "updated_at") VALUES ($1, $2, $3, $4) RETURNING "id"  [["created_at", Mon, 27 Jul 2015 15:54:27 UTC +00:00], ["description", "This is a silly \#{x} cloud"], ["name", "Ironhack \#{x}"], ["updated_at", Mon, 27 Jul 2015 15:54:27 UTC +00:00]]
  [1m[36m (0.3ms)[0m  [1mCOMMIT[0m
  [1m[35m (0.1ms)[0m  BEGIN
  [1m[36mSQL (0.2ms)[0m  [1mINSERT INTO "projects" ("created_at", "description", "name", "updated_at") VALUES ($1, $2, $3, $4) RETURNING "id"[0m  [["created_at", Mon, 27 Jul 2015 15:54:27 UTC +00:00], ["description", "This is a silly \#{x} cloud"], ["name", "Ironhack \#{x}"], ["updated_at", Mon, 27 Jul 2015 15:54:27 UTC +00:00]]
  [1m[35m (0.2ms)[0m  COMMIT
  [1m[36m (0.1ms)[0m  [1mBEGIN[0m
  [1m[35mSQL (0.2ms)[0m  INSERT INTO "projects" ("created_at", "description", "name", "updated_at") VALUES ($1, $2, $3, $4) RETURNING "id"  [["created_at", Mon, 27 Jul 2015 15:54:27 UTC +00:00], ["description", "This is a silly \#{x} cloud"], ["name", "Ironhack \#{x}"], ["updated_at", Mon, 27 Jul 2015 15:54:27 UTC +00:00]]
  [1m[36m (0.3ms)[0m  [1mCOMMIT[0m
  [1m[35m (0.1ms)[0m  BEGIN
  [1m[36mSQL (0.3ms)[0m  [1mINSERT INTO "projects" ("created_at", "description", "name", "updated_at") VALUES ($1, $2, $3, $4) RETURNING "id"[0m  [["created_at", Mon, 27 Jul 2015 15:54:27 UTC +00:00], ["description", "This is a silly \#{x} cloud"], ["name", "Ironhack \#{x}"], ["updated_at", Mon, 27 Jul 2015 15:54:27 UTC +00:00]]
  [1m[35m (0.3ms)[0m  COMMIT
  [1m[36m (0.1ms)[0m  [1mBEGIN[0m
  [1m[35mSQL (0.2ms)[0m  INSERT INTO "projects" ("created_at", "description", "name", "updated_at") VALUES ($1, $2, $3, $4) RETURNING "id"  [["created_at", Mon, 27 Jul 2015 15:54:27 UTC +00:00], ["description", "This is a silly \#{x} cloud"], ["name", "Ironhack \#{x}"], ["updated_at", Mon, 27 Jul 2015 15:54:27 UTC +00:00]]
  [1m[36m (0.3ms)[0m  [1mCOMMIT[0m
  [1m[35m (0.1ms)[0m  BEGIN
  [1m[36mSQL (0.2ms)[0m  [1mINSERT INTO "projects" ("created_at", "description", "name", "updated_at") VALUES ($1, $2, $3, $4) RETURNING "id"[0m  [["created_at", Mon, 27 Jul 2015 15:54:27 UTC +00:00], ["description", "This is a silly \#{x} cloud"], ["name", "Ironhack \#{x}"], ["updated_at", Mon, 27 Jul 2015 15:54:27 UTC +00:00]]
  [1m[35m (0.3ms)[0m  COMMIT
  [1m[36m (0.1ms)[0m  [1mBEGIN[0m
  [1m[35mSQL (0.2ms)[0m  INSERT INTO "projects" ("created_at", "description", "name", "updated_at") VALUES ($1, $2, $3, $4) RETURNING "id"  [["created_at", Mon, 27 Jul 2015 15:54:27 UTC +00:00], ["description", "This is a silly \#{x} cloud"], ["name", "Ironhack \#{x}"], ["updated_at", Mon, 27 Jul 2015 15:54:27 UTC +00:00]]
  [1m[36m (0.2ms)[0m  [1mCOMMIT[0m
  [1m[35m (0.1ms)[0m  BEGIN
  [1m[36mSQL (0.2ms)[0m  [1mINSERT INTO "projects" ("created_at", "description", "name", "updated_at") VALUES ($1, $2, $3, $4) RETURNING "id"[0m  [["created_at", Mon, 27 Jul 2015 15:54:27 UTC +00:00], ["description", "This is a silly \#{x} cloud"], ["name", "Ironhack \#{x}"], ["updated_at", Mon, 27 Jul 2015 15:54:27 UTC +00:00]]
  [1m[35m (0.3ms)[0m  COMMIT
  [1m[36m (0.1ms)[0m  [1mBEGIN[0m
  [1m[35mSQL (0.2ms)[0m  INSERT INTO "projects" ("created_at", "description", "name", "updated_at") VALUES ($1, $2, $3, $4) RETURNING "id"  [["created_at", Mon, 27 Jul 2015 15:54:27 UTC +00:00], ["description", "This is a silly \#{x} cloud"], ["name", "Ironhack \#{x}"], ["updated_at", Mon, 27 Jul 2015 15:54:27 UTC +00:00]]
  [1m[36m (0.3ms)[0m  [1mCOMMIT[0m
  [1m[35m (0.1ms)[0m  BEGIN
  [1m[36mSQL (0.2ms)[0m  [1mINSERT INTO "projects" ("created_at", "description", "name", "updated_at") VALUES ($1, $2, $3, $4) RETURNING "id"[0m  [["created_at", Mon, 27 Jul 2015 15:54:27 UTC +00:00], ["description", "This is a silly \#{x} cloud"], ["name", "Ironhack \#{x}"], ["updated_at", Mon, 27 Jul 2015 15:54:27 UTC +00:00]]
  [1m[35m (0.3ms)[0m  COMMIT
  [1m[36mActiveRecord::SchemaMigration Load (0.3ms)[0m  [1mSELECT "schema_migrations".* FROM "schema_migrations"[0m
  [1m[35m (0.1ms)[0m  BEGIN
  [1m[36mSQL (2.3ms)[0m  [1mINSERT INTO "projects" ("created_at", "description", "name", "updated_at") VALUES ($1, $2, $3, $4) RETURNING "id"[0m  [["created_at", Mon, 27 Jul 2015 15:55:30 UTC +00:00], ["description", "This is a silly test"], ["name", "Ironhack"], ["updated_at", Mon, 27 Jul 2015 15:55:30 UTC +00:00]]
  [1m[35m (1.0ms)[0m  COMMIT
  [1m[36m (0.1ms)[0m  [1mBEGIN[0m
  [1m[35mSQL (0.3ms)[0m  INSERT INTO "projects" ("created_at", "description", "name", "updated_at") VALUES ($1, $2, $3, $4) RETURNING "id"  [["created_at", Mon, 27 Jul 2015 15:55:30 UTC +00:00], ["description", "This is a silly jdgkjsjd"], ["name", "Ironhack 75"], ["updated_at", Mon, 27 Jul 2015 15:55:30 UTC +00:00]]
  [1m[36m (0.2ms)[0m  [1mCOMMIT[0m
  [1m[35m (0.1ms)[0m  BEGIN
  [1m[36mSQL (0.2ms)[0m  [1mINSERT INTO "projects" ("created_at", "description", "name", "updated_at") VALUES ($1, $2, $3, $4) RETURNING "id"[0m  [["created_at", Mon, 27 Jul 2015 15:55:30 UTC +00:00], ["description", "lañkfl aklsjfkla skljaklsf"], ["name", "Ironhack 85"], ["updated_at", Mon, 27 Jul 2015 15:55:30 UTC +00:00]]
  [1m[35m (0.3ms)[0m  COMMIT
  [1m[36m (0.1ms)[0m  [1mBEGIN[0m
  [1m[35mSQL (0.3ms)[0m  INSERT INTO "projects" ("created_at", "description", "name", "updated_at") VALUES ($1, $2, $3, $4) RETURNING "id"  [["created_at", Mon, 27 Jul 2015 15:55:30 UTC +00:00], ["description", "This is a silly pear"], ["name", "Ironhack 54"], ["updated_at", Mon, 27 Jul 2015 15:55:30 UTC +00:00]]
  [1m[36m (0.3ms)[0m  [1mCOMMIT[0m
  [1m[35m (0.1ms)[0m  BEGIN
  [1m[36mSQL (0.3ms)[0m  [1mINSERT INTO "projects" ("created_at", "description", "name", "updated_at") VALUES ($1, $2, $3, $4) RETURNING "id"[0m  [["created_at", Mon, 27 Jul 2015 15:55:30 UTC +00:00], ["description", "This is a silly watermelon"], ["name", "Ironhack 99"], ["updated_at", Mon, 27 Jul 2015 15:55:30 UTC +00:00]]
  [1m[35m (0.3ms)[0m  COMMIT
  [1m[36m (0.1ms)[0m  [1mBEGIN[0m
  [1m[35mSQL (0.3ms)[0m  INSERT INTO "projects" ("created_at", "description", "name", "updated_at") VALUES ($1, $2, $3, $4) RETURNING "id"  [["created_at", Mon, 27 Jul 2015 15:55:30 UTC +00:00], ["description", "This is a silly cloud"], ["name", "Ironhack 34"], ["updated_at", Mon, 27 Jul 2015 15:55:30 UTC +00:00]]
  [1m[36m (0.3ms)[0m  [1mCOMMIT[0m
  [1m[35m (0.1ms)[0m  BEGIN
  [1m[36mSQL (0.4ms)[0m  [1mINSERT INTO "projects" ("created_at", "name", "updated_at") VALUES ($1, $2, $3) RETURNING "id"[0m  [["created_at", Mon, 27 Jul 2015 15:55:30 UTC +00:00], ["name", "Ironhack 0', description: 'This is a silly 0 cloud"], ["updated_at", Mon, 27 Jul 2015 15:55:30 UTC +00:00]]
  [1m[35m (0.3ms)[0m  COMMIT
  [1m[36m (0.1ms)[0m  [1mBEGIN[0m
  [1m[35mSQL (0.3ms)[0m  INSERT INTO "projects" ("created_at", "name", "updated_at") VALUES ($1, $2, $3) RETURNING "id"  [["created_at", Mon, 27 Jul 2015 15:55:30 UTC +00:00], ["name", "Ironhack 1', description: 'This is a silly 1 cloud"], ["updated_at", Mon, 27 Jul 2015 15:55:30 UTC +00:00]]
  [1m[36m (0.3ms)[0m  [1mCOMMIT[0m
  [1m[35m (0.1ms)[0m  BEGIN
  [1m[36mSQL (0.2ms)[0m  [1mINSERT INTO "projects" ("created_at", "name", "updated_at") VALUES ($1, $2, $3) RETURNING "id"[0m  [["created_at", Mon, 27 Jul 2015 15:55:30 UTC +00:00], ["name", "Ironhack 2', description: 'This is a silly 2 cloud"], ["updated_at", Mon, 27 Jul 2015 15:55:30 UTC +00:00]]
  [1m[35m (0.3ms)[0m  COMMIT
  [1m[36m (0.1ms)[0m  [1mBEGIN[0m
  [1m[35mSQL (0.3ms)[0m  INSERT INTO "projects" ("created_at", "name", "updated_at") VALUES ($1, $2, $3) RETURNING "id"  [["created_at", Mon, 27 Jul 2015 15:55:30 UTC +00:00], ["name", "Ironhack 3', description: 'This is a silly 3 cloud"], ["updated_at", Mon, 27 Jul 2015 15:55:30 UTC +00:00]]
  [1m[36m (0.3ms)[0m  [1mCOMMIT[0m
  [1m[35m (0.1ms)[0m  BEGIN
  [1m[36mSQL (0.3ms)[0m  [1mINSERT INTO "projects" ("created_at", "name", "updated_at") VALUES ($1, $2, $3) RETURNING "id"[0m  [["created_at", Mon, 27 Jul 2015 15:55:30 UTC +00:00], ["name", "Ironhack 4', description: 'This is a silly 4 cloud"], ["updated_at", Mon, 27 Jul 2015 15:55:30 UTC +00:00]]
  [1m[35m (0.3ms)[0m  COMMIT
  [1m[36m (0.1ms)[0m  [1mBEGIN[0m
  [1m[35mSQL (0.2ms)[0m  INSERT INTO "projects" ("created_at", "name", "updated_at") VALUES ($1, $2, $3) RETURNING "id"  [["created_at", Mon, 27 Jul 2015 15:55:30 UTC +00:00], ["name", "Ironhack 5', description: 'This is a silly 5 cloud"], ["updated_at", Mon, 27 Jul 2015 15:55:30 UTC +00:00]]
  [1m[36m (0.3ms)[0m  [1mCOMMIT[0m
  [1m[35m (0.1ms)[0m  BEGIN
  [1m[36mSQL (0.2ms)[0m  [1mINSERT INTO "projects" ("created_at", "name", "updated_at") VALUES ($1, $2, $3) RETURNING "id"[0m  [["created_at", Mon, 27 Jul 2015 15:55:30 UTC +00:00], ["name", "Ironhack 6', description: 'This is a silly 6 cloud"], ["updated_at", Mon, 27 Jul 2015 15:55:30 UTC +00:00]]
  [1m[35m (0.3ms)[0m  COMMIT
  [1m[36m (0.1ms)[0m  [1mBEGIN[0m
  [1m[35mSQL (0.2ms)[0m  INSERT INTO "projects" ("created_at", "name", "updated_at") VALUES ($1, $2, $3) RETURNING "id"  [["created_at", Mon, 27 Jul 2015 15:55:30 UTC +00:00], ["name", "Ironhack 7', description: 'This is a silly 7 cloud"], ["updated_at", Mon, 27 Jul 2015 15:55:30 UTC +00:00]]
  [1m[36m (0.3ms)[0m  [1mCOMMIT[0m
  [1m[35m (0.1ms)[0m  BEGIN
  [1m[36mSQL (0.2ms)[0m  [1mINSERT INTO "projects" ("created_at", "name", "updated_at") VALUES ($1, $2, $3) RETURNING "id"[0m  [["created_at", Mon, 27 Jul 2015 15:55:30 UTC +00:00], ["name", "Ironhack 8', description: 'This is a silly 8 cloud"], ["updated_at", Mon, 27 Jul 2015 15:55:30 UTC +00:00]]
  [1m[35m (0.3ms)[0m  COMMIT
  [1m[36m (0.1ms)[0m  [1mBEGIN[0m
  [1m[35mSQL (0.2ms)[0m  INSERT INTO "projects" ("created_at", "name", "updated_at") VALUES ($1, $2, $3) RETURNING "id"  [["created_at", Mon, 27 Jul 2015 15:55:30 UTC +00:00], ["name", "Ironhack 9', description: 'This is a silly 9 cloud"], ["updated_at", Mon, 27 Jul 2015 15:55:30 UTC +00:00]]
  [1m[36m (0.3ms)[0m  [1mCOMMIT[0m
  [1m[35m (0.1ms)[0m  BEGIN
  [1m[36mSQL (0.2ms)[0m  [1mINSERT INTO "projects" ("created_at", "name", "updated_at") VALUES ($1, $2, $3) RETURNING "id"[0m  [["created_at", Mon, 27 Jul 2015 15:55:30 UTC +00:00], ["name", "Ironhack 10', description: 'This is a silly 10 cloud"], ["updated_at", Mon, 27 Jul 2015 15:55:30 UTC +00:00]]
  [1m[35m (0.2ms)[0m  COMMIT
  [1m[36m (0.1ms)[0m  [1mBEGIN[0m
  [1m[35mSQL (0.2ms)[0m  INSERT INTO "projects" ("created_at", "name", "updated_at") VALUES ($1, $2, $3) RETURNING "id"  [["created_at", Mon, 27 Jul 2015 15:55:30 UTC +00:00], ["name", "Ironhack 11', description: 'This is a silly 11 cloud"], ["updated_at", Mon, 27 Jul 2015 15:55:30 UTC +00:00]]
  [1m[36m (0.2ms)[0m  [1mCOMMIT[0m
  [1m[35m (0.1ms)[0m  BEGIN
  [1m[36mSQL (0.3ms)[0m  [1mINSERT INTO "projects" ("created_at", "name", "updated_at") VALUES ($1, $2, $3) RETURNING "id"[0m  [["created_at", Mon, 27 Jul 2015 15:55:30 UTC +00:00], ["name", "Ironhack 12', description: 'This is a silly 12 cloud"], ["updated_at", Mon, 27 Jul 2015 15:55:30 UTC +00:00]]
  [1m[35m (0.3ms)[0m  COMMIT
  [1m[36m (0.1ms)[0m  [1mBEGIN[0m
  [1m[35mSQL (0.2ms)[0m  INSERT INTO "projects" ("created_at", "name", "updated_at") VALUES ($1, $2, $3) RETURNING "id"  [["created_at", Mon, 27 Jul 2015 15:55:30 UTC +00:00], ["name", "Ironhack 13', description: 'This is a silly 13 cloud"], ["updated_at", Mon, 27 Jul 2015 15:55:30 UTC +00:00]]
  [1m[36m (0.3ms)[0m  [1mCOMMIT[0m
  [1m[35m (0.1ms)[0m  BEGIN
  [1m[36mSQL (0.2ms)[0m  [1mINSERT INTO "projects" ("created_at", "name", "updated_at") VALUES ($1, $2, $3) RETURNING "id"[0m  [["created_at", Mon, 27 Jul 2015 15:55:30 UTC +00:00], ["name", "Ironhack 14', description: 'This is a silly 14 cloud"], ["updated_at", Mon, 27 Jul 2015 15:55:30 UTC +00:00]]
  [1m[35m (0.2ms)[0m  COMMIT
  [1m[36m (0.1ms)[0m  [1mBEGIN[0m
  [1m[35mSQL (0.2ms)[0m  INSERT INTO "projects" ("created_at", "name", "updated_at") VALUES ($1, $2, $3) RETURNING "id"  [["created_at", Mon, 27 Jul 2015 15:55:30 UTC +00:00], ["name", "Ironhack 15', description: 'This is a silly 15 cloud"], ["updated_at", Mon, 27 Jul 2015 15:55:30 UTC +00:00]]
  [1m[36m (0.3ms)[0m  [1mCOMMIT[0m
  [1m[35m (0.1ms)[0m  BEGIN
  [1m[36mSQL (0.2ms)[0m  [1mINSERT INTO "projects" ("created_at", "name", "updated_at") VALUES ($1, $2, $3) RETURNING "id"[0m  [["created_at", Mon, 27 Jul 2015 15:55:30 UTC +00:00], ["name", "Ironhack 16', description: 'This is a silly 16 cloud"], ["updated_at", Mon, 27 Jul 2015 15:55:30 UTC +00:00]]
  [1m[35m (0.3ms)[0m  COMMIT
  [1m[36m (0.1ms)[0m  [1mBEGIN[0m
  [1m[35mSQL (0.2ms)[0m  INSERT INTO "projects" ("created_at", "name", "updated_at") VALUES ($1, $2, $3) RETURNING "id"  [["created_at", Mon, 27 Jul 2015 15:55:30 UTC +00:00], ["name", "Ironhack 17', description: 'This is a silly 17 cloud"], ["updated_at", Mon, 27 Jul 2015 15:55:30 UTC +00:00]]
  [1m[36m (0.3ms)[0m  [1mCOMMIT[0m
  [1m[35m (0.1ms)[0m  BEGIN
  [1m[36mSQL (0.2ms)[0m  [1mINSERT INTO "projects" ("created_at", "name", "updated_at") VALUES ($1, $2, $3) RETURNING "id"[0m  [["created_at", Mon, 27 Jul 2015 15:55:30 UTC +00:00], ["name", "Ironhack 18', description: 'This is a silly 18 cloud"], ["updated_at", Mon, 27 Jul 2015 15:55:30 UTC +00:00]]
  [1m[35m (0.3ms)[0m  COMMIT
  [1m[36m (0.1ms)[0m  [1mBEGIN[0m
  [1m[35mSQL (0.2ms)[0m  INSERT INTO "projects" ("created_at", "name", "updated_at") VALUES ($1, $2, $3) RETURNING "id"  [["created_at", Mon, 27 Jul 2015 15:55:30 UTC +00:00], ["name", "Ironhack 19', description: 'This is a silly 19 cloud"], ["updated_at", Mon, 27 Jul 2015 15:55:30 UTC +00:00]]
  [1m[36m (0.3ms)[0m  [1mCOMMIT[0m
  [1m[35m (0.1ms)[0m  BEGIN
  [1m[36mSQL (0.2ms)[0m  [1mINSERT INTO "projects" ("created_at", "name", "updated_at") VALUES ($1, $2, $3) RETURNING "id"[0m  [["created_at", Mon, 27 Jul 2015 15:55:30 UTC +00:00], ["name", "Ironhack 20', description: 'This is a silly 20 cloud"], ["updated_at", Mon, 27 Jul 2015 15:55:30 UTC +00:00]]
  [1m[35m (0.2ms)[0m  COMMIT
  [1m[36m (0.1ms)[0m  [1mBEGIN[0m
  [1m[35mSQL (0.2ms)[0m  INSERT INTO "projects" ("created_at", "name", "updated_at") VALUES ($1, $2, $3) RETURNING "id"  [["created_at", Mon, 27 Jul 2015 15:55:30 UTC +00:00], ["name", "Ironhack 21', description: 'This is a silly 21 cloud"], ["updated_at", Mon, 27 Jul 2015 15:55:30 UTC +00:00]]
  [1m[36m (0.3ms)[0m  [1mCOMMIT[0m
  [1m[35m (0.1ms)[0m  BEGIN
  [1m[36mSQL (0.2ms)[0m  [1mINSERT INTO "projects" ("created_at", "name", "updated_at") VALUES ($1, $2, $3) RETURNING "id"[0m  [["created_at", Mon, 27 Jul 2015 15:55:30 UTC +00:00], ["name", "Ironhack 22', description: 'This is a silly 22 cloud"], ["updated_at", Mon, 27 Jul 2015 15:55:30 UTC +00:00]]
  [1m[35m (0.3ms)[0m  COMMIT
  [1m[36m (0.1ms)[0m  [1mBEGIN[0m
  [1m[35mSQL (0.2ms)[0m  INSERT INTO "projects" ("created_at", "name", "updated_at") VALUES ($1, $2, $3) RETURNING "id"  [["created_at", Mon, 27 Jul 2015 15:55:30 UTC +00:00], ["name", "Ironhack 23', description: 'This is a silly 23 cloud"], ["updated_at", Mon, 27 Jul 2015 15:55:30 UTC +00:00]]
  [1m[36m (0.3ms)[0m  [1mCOMMIT[0m
  [1m[35m (0.1ms)[0m  BEGIN
  [1m[36mSQL (0.2ms)[0m  [1mINSERT INTO "projects" ("created_at", "name", "updated_at") VALUES ($1, $2, $3) RETURNING "id"[0m  [["created_at", Mon, 27 Jul 2015 15:55:30 UTC +00:00], ["name", "Ironhack 24', description: 'This is a silly 24 cloud"], ["updated_at", Mon, 27 Jul 2015 15:55:30 UTC +00:00]]
  [1m[35m (0.3ms)[0m  COMMIT
  [1m[36mProject Load (1.1ms)[0m  [1mSELECT "projects".* FROM "projects"[0m
  [1m[35m (0.1ms)[0m  BEGIN
  [1m[36mSQL (1.7ms)[0m  [1mDELETE FROM "projects" WHERE "projects"."id" = $1[0m  [["id", 1]]
  [1m[35m (1.0ms)[0m  COMMIT
  [1m[36m (0.1ms)[0m  [1mBEGIN[0m
  [1m[35mSQL (0.2ms)[0m  DELETE FROM "projects" WHERE "projects"."id" = $1  [["id", 2]]
  [1m[36m (0.3ms)[0m  [1mCOMMIT[0m
  [1m[35m (0.1ms)[0m  BEGIN
  [1m[36mSQL (0.1ms)[0m  [1mDELETE FROM "projects" WHERE "projects"."id" = $1[0m  [["id", 3]]
  [1m[35m (0.3ms)[0m  COMMIT
  [1m[36m (0.1ms)[0m  [1mBEGIN[0m
  [1m[35mSQL (0.1ms)[0m  DELETE FROM "projects" WHERE "projects"."id" = $1  [["id", 4]]
  [1m[36m (0.2ms)[0m  [1mCOMMIT[0m
  [1m[35m (0.1ms)[0m  BEGIN
  [1m[36mSQL (0.2ms)[0m  [1mDELETE FROM "projects" WHERE "projects"."id" = $1[0m  [["id", 5]]
  [1m[35m (0.3ms)[0m  COMMIT
  [1m[36m (0.1ms)[0m  [1mBEGIN[0m
  [1m[35mSQL (0.1ms)[0m  DELETE FROM "projects" WHERE "projects"."id" = $1  [["id", 6]]
  [1m[36m (0.3ms)[0m  [1mCOMMIT[0m
  [1m[35m (0.1ms)[0m  BEGIN
  [1m[36mSQL (0.2ms)[0m  [1mDELETE FROM "projects" WHERE "projects"."id" = $1[0m  [["id", 7]]
  [1m[35m (0.3ms)[0m  COMMIT
  [1m[36m (0.1ms)[0m  [1mBEGIN[0m
  [1m[35mSQL (0.1ms)[0m  DELETE FROM "projects" WHERE "projects"."id" = $1  [["id", 8]]
  [1m[36m (0.3ms)[0m  [1mCOMMIT[0m
  [1m[35m (0.1ms)[0m  BEGIN
  [1m[36mSQL (0.1ms)[0m  [1mDELETE FROM "projects" WHERE "projects"."id" = $1[0m  [["id", 9]]
  [1m[35m (0.2ms)[0m  COMMIT
  [1m[36m (0.1ms)[0m  [1mBEGIN[0m
  [1m[35mSQL (0.1ms)[0m  DELETE FROM "projects" WHERE "projects"."id" = $1  [["id", 10]]
  [1m[36m (0.2ms)[0m  [1mCOMMIT[0m
  [1m[35m (0.1ms)[0m  BEGIN
  [1m[36mSQL (0.1ms)[0m  [1mDELETE FROM "projects" WHERE "projects"."id" = $1[0m  [["id", 11]]
  [1m[35m (0.2ms)[0m  COMMIT
  [1m[36m (0.1ms)[0m  [1mBEGIN[0m
  [1m[35mSQL (0.1ms)[0m  DELETE FROM "projects" WHERE "projects"."id" = $1  [["id", 12]]
  [1m[36m (0.1ms)[0m  [1mCOMMIT[0m
  [1m[35m (0.0ms)[0m  BEGIN
  [1m[36mSQL (0.1ms)[0m  [1mDELETE FROM "projects" WHERE "projects"."id" = $1[0m  [["id", 13]]
  [1m[35m (0.1ms)[0m  COMMIT
  [1m[36m (0.1ms)[0m  [1mBEGIN[0m
  [1m[35mSQL (0.1ms)[0m  DELETE FROM "projects" WHERE "projects"."id" = $1  [["id", 14]]
  [1m[36m (0.2ms)[0m  [1mCOMMIT[0m
  [1m[35m (0.1ms)[0m  BEGIN
  [1m[36mSQL (0.1ms)[0m  [1mDELETE FROM "projects" WHERE "projects"."id" = $1[0m  [["id", 15]]
  [1m[35m (0.2ms)[0m  COMMIT
  [1m[36m (0.0ms)[0m  [1mBEGIN[0m
  [1m[35mSQL (0.1ms)[0m  DELETE FROM "projects" WHERE "projects"."id" = $1  [["id", 16]]
  [1m[36m (0.1ms)[0m  [1mCOMMIT[0m
  [1m[35m (0.0ms)[0m  BEGIN
  [1m[36mSQL (0.1ms)[0m  [1mDELETE FROM "projects" WHERE "projects"."id" = $1[0m  [["id", 17]]
  [1m[35m (0.2ms)[0m  COMMIT
  [1m[36m (0.1ms)[0m  [1mBEGIN[0m
  [1m[35mSQL (0.1ms)[0m  DELETE FROM "projects" WHERE "projects"."id" = $1  [["id", 18]]
  [1m[36m (0.2ms)[0m  [1mCOMMIT[0m
  [1m[35m (0.1ms)[0m  BEGIN
  [1m[36mSQL (0.1ms)[0m  [1mDELETE FROM "projects" WHERE "projects"."id" = $1[0m  [["id", 19]]
  [1m[35m (0.2ms)[0m  COMMIT
  [1m[36m (0.1ms)[0m  [1mBEGIN[0m
  [1m[35mSQL (0.1ms)[0m  DELETE FROM "projects" WHERE "projects"."id" = $1  [["id", 20]]
  [1m[36m (0.2ms)[0m  [1mCOMMIT[0m
  [1m[35m (0.0ms)[0m  BEGIN
  [1m[36mSQL (0.1ms)[0m  [1mDELETE FROM "projects" WHERE "projects"."id" = $1[0m  [["id", 21]]
  [1m[35m (0.2ms)[0m  COMMIT
  [1m[36m (0.0ms)[0m  [1mBEGIN[0m
  [1m[35mSQL (0.1ms)[0m  DELETE FROM "projects" WHERE "projects"."id" = $1  [["id", 22]]
  [1m[36m (0.2ms)[0m  [1mCOMMIT[0m
  [1m[35m (0.0ms)[0m  BEGIN
  [1m[36mSQL (0.1ms)[0m  [1mDELETE FROM "projects" WHERE "projects"."id" = $1[0m  [["id", 23]]
  [1m[35m (0.2ms)[0m  COMMIT
  [1m[36m (0.0ms)[0m  [1mBEGIN[0m
  [1m[35mSQL (0.1ms)[0m  DELETE FROM "projects" WHERE "projects"."id" = $1  [["id", 24]]
  [1m[36m (0.1ms)[0m  [1mCOMMIT[0m
  [1m[35m (0.0ms)[0m  BEGIN
  [1m[36mSQL (0.1ms)[0m  [1mDELETE FROM "projects" WHERE "projects"."id" = $1[0m  [["id", 25]]
  [1m[35m (0.2ms)[0m  COMMIT
  [1m[36m (0.0ms)[0m  [1mBEGIN[0m
  [1m[35mSQL (0.1ms)[0m  DELETE FROM "projects" WHERE "projects"."id" = $1  [["id", 26]]
  [1m[36m (0.2ms)[0m  [1mCOMMIT[0m
  [1m[35m (0.0ms)[0m  BEGIN
  [1m[36mSQL (0.1ms)[0m  [1mDELETE FROM "projects" WHERE "projects"."id" = $1[0m  [["id", 27]]
  [1m[35m (0.2ms)[0m  COMMIT
  [1m[36m (0.0ms)[0m  [1mBEGIN[0m
  [1m[35mSQL (0.1ms)[0m  DELETE FROM "projects" WHERE "projects"."id" = $1  [["id", 28]]
  [1m[36m (0.1ms)[0m  [1mCOMMIT[0m
  [1m[35m (0.0ms)[0m  BEGIN
  [1m[36mSQL (0.1ms)[0m  [1mDELETE FROM "projects" WHERE "projects"."id" = $1[0m  [["id", 29]]
  [1m[35m (0.2ms)[0m  COMMIT
  [1m[36m (0.0ms)[0m  [1mBEGIN[0m
  [1m[35mSQL (0.1ms)[0m  DELETE FROM "projects" WHERE "projects"."id" = $1  [["id", 30]]
  [1m[36m (0.1ms)[0m  [1mCOMMIT[0m
  [1m[35m (0.0ms)[0m  BEGIN
  [1m[36mSQL (0.1ms)[0m  [1mDELETE FROM "projects" WHERE "projects"."id" = $1[0m  [["id", 31]]
  [1m[35m (0.2ms)[0m  COMMIT
  [1m[36m (0.0ms)[0m  [1mBEGIN[0m
  [1m[35mSQL (0.1ms)[0m  DELETE FROM "projects" WHERE "projects"."id" = $1  [["id", 32]]
  [1m[36m (0.2ms)[0m  [1mCOMMIT[0m
  [1m[35m (0.0ms)[0m  BEGIN
  [1m[36mSQL (0.1ms)[0m  [1mDELETE FROM "projects" WHERE "projects"."id" = $1[0m  [["id", 33]]
  [1m[35m (0.2ms)[0m  COMMIT
  [1m[36m (0.0ms)[0m  [1mBEGIN[0m
  [1m[35mSQL (0.1ms)[0m  DELETE FROM "projects" WHERE "projects"."id" = $1  [["id", 34]]
  [1m[36m (0.1ms)[0m  [1mCOMMIT[0m
  [1m[35m (0.0ms)[0m  BEGIN
  [1m[36mSQL (0.1ms)[0m  [1mDELETE FROM "projects" WHERE "projects"."id" = $1[0m  [["id", 35]]
  [1m[35m (0.2ms)[0m  COMMIT
  [1m[36m (0.0ms)[0m  [1mBEGIN[0m
  [1m[35mSQL (0.1ms)[0m  DELETE FROM "projects" WHERE "projects"."id" = $1  [["id", 36]]
  [1m[36m (0.1ms)[0m  [1mCOMMIT[0m
  [1m[35m (0.0ms)[0m  BEGIN
  [1m[36mSQL (0.1ms)[0m  [1mDELETE FROM "projects" WHERE "projects"."id" = $1[0m  [["id", 37]]
  [1m[35m (0.2ms)[0m  COMMIT
  [1m[36m (0.0ms)[0m  [1mBEGIN[0m
  [1m[35mSQL (0.1ms)[0m  DELETE FROM "projects" WHERE "projects"."id" = $1  [["id", 38]]
  [1m[36m (0.2ms)[0m  [1mCOMMIT[0m
  [1m[35m (0.1ms)[0m  BEGIN
  [1m[36mSQL (0.1ms)[0m  [1mDELETE FROM "projects" WHERE "projects"."id" = $1[0m  [["id", 39]]
  [1m[35m (0.2ms)[0m  COMMIT
  [1m[36m (0.1ms)[0m  [1mBEGIN[0m
  [1m[35mSQL (0.1ms)[0m  DELETE FROM "projects" WHERE "projects"."id" = $1  [["id", 40]]
  [1m[36m (0.2ms)[0m  [1mCOMMIT[0m
  [1m[35m (0.0ms)[0m  BEGIN
  [1m[36mSQL (0.1ms)[0m  [1mDELETE FROM "projects" WHERE "projects"."id" = $1[0m  [["id", 41]]
  [1m[35m (0.1ms)[0m  COMMIT
  [1m[36m (0.0ms)[0m  [1mBEGIN[0m
  [1m[35mSQL (0.1ms)[0m  DELETE FROM "projects" WHERE "projects"."id" = $1  [["id", 42]]
  [1m[36m (0.2ms)[0m  [1mCOMMIT[0m
  [1m[35m (0.0ms)[0m  BEGIN
  [1m[36mSQL (0.1ms)[0m  [1mDELETE FROM "projects" WHERE "projects"."id" = $1[0m  [["id", 43]]
  [1m[35m (0.1ms)[0m  COMMIT
  [1m[36m (0.0ms)[0m  [1mBEGIN[0m
  [1m[35mSQL (0.1ms)[0m  DELETE FROM "projects" WHERE "projects"."id" = $1  [["id", 44]]
  [1m[36m (0.2ms)[0m  [1mCOMMIT[0m
  [1m[35m (0.0ms)[0m  BEGIN
  [1m[36mSQL (0.1ms)[0m  [1mDELETE FROM "projects" WHERE "projects"."id" = $1[0m  [["id", 45]]
  [1m[35m (0.2ms)[0m  COMMIT
  [1m[36m (0.0ms)[0m  [1mBEGIN[0m
  [1m[35mSQL (0.1ms)[0m  DELETE FROM "projects" WHERE "projects"."id" = $1  [["id", 46]]
  [1m[36m (0.1ms)[0m  [1mCOMMIT[0m
  [1m[35m (0.0ms)[0m  BEGIN
  [1m[36mSQL (0.1ms)[0m  [1mDELETE FROM "projects" WHERE "projects"."id" = $1[0m  [["id", 47]]
  [1m[35m (0.2ms)[0m  COMMIT
  [1m[36m (0.0ms)[0m  [1mBEGIN[0m
  [1m[35mSQL (0.1ms)[0m  DELETE FROM "projects" WHERE "projects"."id" = $1  [["id", 48]]
  [1m[36m (0.1ms)[0m  [1mCOMMIT[0m
  [1m[35m (0.0ms)[0m  BEGIN
  [1m[36mSQL (0.1ms)[0m  [1mDELETE FROM "projects" WHERE "projects"."id" = $1[0m  [["id", 49]]
  [1m[35m (0.2ms)[0m  COMMIT
  [1m[36m (0.0ms)[0m  [1mBEGIN[0m
  [1m[35mSQL (0.1ms)[0m  DELETE FROM "projects" WHERE "projects"."id" = $1  [["id", 50]]
  [1m[36m (0.1ms)[0m  [1mCOMMIT[0m
  [1m[35m (0.0ms)[0m  BEGIN
  [1m[36mSQL (0.1ms)[0m  [1mDELETE FROM "projects" WHERE "projects"."id" = $1[0m  [["id", 51]]
  [1m[35m (0.2ms)[0m  COMMIT
  [1m[36m (0.0ms)[0m  [1mBEGIN[0m
  [1m[35mSQL (0.1ms)[0m  DELETE FROM "projects" WHERE "projects"."id" = $1  [["id", 52]]
  [1m[36m (0.2ms)[0m  [1mCOMMIT[0m
  [1m[35m (0.0ms)[0m  BEGIN
  [1m[36mSQL (0.1ms)[0m  [1mDELETE FROM "projects" WHERE "projects"."id" = $1[0m  [["id", 53]]
  [1m[35m (0.1ms)[0m  COMMIT
  [1m[36m (0.0ms)[0m  [1mBEGIN[0m
  [1m[35mSQL (0.1ms)[0m  DELETE FROM "projects" WHERE "projects"."id" = $1  [["id", 54]]
  [1m[36m (0.1ms)[0m  [1mCOMMIT[0m
  [1m[35m (0.1ms)[0m  BEGIN
  [1m[36mSQL (0.1ms)[0m  [1mDELETE FROM "projects" WHERE "projects"."id" = $1[0m  [["id", 55]]
  [1m[35m (0.2ms)[0m  COMMIT
  [1m[36m (0.0ms)[0m  [1mBEGIN[0m
  [1m[35mSQL (0.1ms)[0m  DELETE FROM "projects" WHERE "projects"."id" = $1  [["id", 56]]
  [1m[36m (0.2ms)[0m  [1mCOMMIT[0m
  [1m[35m (0.0ms)[0m  BEGIN
  [1m[36mSQL (0.1ms)[0m  [1mDELETE FROM "projects" WHERE "projects"."id" = $1[0m  [["id", 57]]
  [1m[35m (0.2ms)[0m  COMMIT
  [1m[36m (0.0ms)[0m  [1mBEGIN[0m
  [1m[35mSQL (0.1ms)[0m  DELETE FROM "projects" WHERE "projects"."id" = $1  [["id", 58]]
  [1m[36m (0.1ms)[0m  [1mCOMMIT[0m
  [1m[35m (0.0ms)[0m  BEGIN
  [1m[36mSQL (0.1ms)[0m  [1mDELETE FROM "projects" WHERE "projects"."id" = $1[0m  [["id", 59]]
  [1m[35m (0.2ms)[0m  COMMIT
  [1m[36m (0.0ms)[0m  [1mBEGIN[0m
  [1m[35mSQL (0.1ms)[0m  DELETE FROM "projects" WHERE "projects"."id" = $1  [["id", 60]]
  [1m[36m (0.2ms)[0m  [1mCOMMIT[0m
  [1m[35m (0.0ms)[0m  BEGIN
  [1m[36mSQL (0.1ms)[0m  [1mDELETE FROM "projects" WHERE "projects"."id" = $1[0m  [["id", 61]]
  [1m[35m (0.2ms)[0m  COMMIT
  [1m[36m (0.0ms)[0m  [1mBEGIN[0m
  [1m[35mSQL (0.1ms)[0m  DELETE FROM "projects" WHERE "projects"."id" = $1  [["id", 62]]
  [1m[36m (0.1ms)[0m  [1mCOMMIT[0m
  [1m[35m (0.0ms)[0m  BEGIN
  [1m[36mSQL (0.1ms)[0m  [1mDELETE FROM "projects" WHERE "projects"."id" = $1[0m  [["id", 63]]
  [1m[35m (0.2ms)[0m  COMMIT
  [1m[36m (0.0ms)[0m  [1mBEGIN[0m
  [1m[35mSQL (0.1ms)[0m  DELETE FROM "projects" WHERE "projects"."id" = $1  [["id", 64]]
  [1m[36m (0.2ms)[0m  [1mCOMMIT[0m
  [1m[35m (0.1ms)[0m  BEGIN
  [1m[36mSQL (0.1ms)[0m  [1mDELETE FROM "projects" WHERE "projects"."id" = $1[0m  [["id", 65]]
  [1m[35m (0.2ms)[0m  COMMIT
  [1m[36m (0.0ms)[0m  [1mBEGIN[0m
  [1m[35mSQL (0.1ms)[0m  DELETE FROM "projects" WHERE "projects"."id" = $1  [["id", 66]]
  [1m[36m (0.2ms)[0m  [1mCOMMIT[0m
  [1m[35m (0.0ms)[0m  BEGIN
  [1m[36mSQL (0.1ms)[0m  [1mDELETE FROM "projects" WHERE "projects"."id" = $1[0m  [["id", 67]]
  [1m[35m (0.2ms)[0m  COMMIT
  [1m[36m (0.0ms)[0m  [1mBEGIN[0m
  [1m[35mSQL (0.1ms)[0m  DELETE FROM "projects" WHERE "projects"."id" = $1  [["id", 68]]
  [1m[36m (0.2ms)[0m  [1mCOMMIT[0m
  [1m[36mActiveRecord::SchemaMigration Load (0.3ms)[0m  [1mSELECT "schema_migrations".* FROM "schema_migrations"[0m
  [1m[35m (0.1ms)[0m  BEGIN
  [1m[36mSQL (2.6ms)[0m  [1mINSERT INTO "projects" ("created_at", "description", "name", "updated_at") VALUES ($1, $2, $3, $4) RETURNING "id"[0m  [["created_at", Mon, 27 Jul 2015 15:57:36 UTC +00:00], ["description", "This is a silly test"], ["name", "Ironhack"], ["updated_at", Mon, 27 Jul 2015 15:57:36 UTC +00:00]]
  [1m[35m (1.1ms)[0m  COMMIT
  [1m[36m (0.2ms)[0m  [1mBEGIN[0m
  [1m[35mSQL (0.5ms)[0m  INSERT INTO "projects" ("created_at", "description", "name", "updated_at") VALUES ($1, $2, $3, $4) RETURNING "id"  [["created_at", Mon, 27 Jul 2015 15:57:36 UTC +00:00], ["description", "This is a silly jdgkjsjd"], ["name", "Ironhack 75"], ["updated_at", Mon, 27 Jul 2015 15:57:36 UTC +00:00]]
  [1m[36m (0.4ms)[0m  [1mCOMMIT[0m
  [1m[35m (0.1ms)[0m  BEGIN
  [1m[36mSQL (0.3ms)[0m  [1mINSERT INTO "projects" ("created_at", "description", "name", "updated_at") VALUES ($1, $2, $3, $4) RETURNING "id"[0m  [["created_at", Mon, 27 Jul 2015 15:57:36 UTC +00:00], ["description", "lañkfl aklsjfkla skljaklsf"], ["name", "Ironhack 85"], ["updated_at", Mon, 27 Jul 2015 15:57:36 UTC +00:00]]
  [1m[35m (0.3ms)[0m  COMMIT
  [1m[36m (0.1ms)[0m  [1mBEGIN[0m
  [1m[35mSQL (0.3ms)[0m  INSERT INTO "projects" ("created_at", "description", "name", "updated_at") VALUES ($1, $2, $3, $4) RETURNING "id"  [["created_at", Mon, 27 Jul 2015 15:57:36 UTC +00:00], ["description", "This is a silly pear"], ["name", "Ironhack 54"], ["updated_at", Mon, 27 Jul 2015 15:57:36 UTC +00:00]]
  [1m[36m (0.3ms)[0m  [1mCOMMIT[0m
  [1m[35m (0.1ms)[0m  BEGIN
  [1m[36mSQL (0.3ms)[0m  [1mINSERT INTO "projects" ("created_at", "description", "name", "updated_at") VALUES ($1, $2, $3, $4) RETURNING "id"[0m  [["created_at", Mon, 27 Jul 2015 15:57:36 UTC +00:00], ["description", "This is a silly watermelon"], ["name", "Ironhack 99"], ["updated_at", Mon, 27 Jul 2015 15:57:36 UTC +00:00]]
  [1m[35m (0.3ms)[0m  COMMIT
  [1m[36m (0.1ms)[0m  [1mBEGIN[0m
  [1m[35mSQL (0.2ms)[0m  INSERT INTO "projects" ("created_at", "description", "name", "updated_at") VALUES ($1, $2, $3, $4) RETURNING "id"  [["created_at", Mon, 27 Jul 2015 15:57:36 UTC +00:00], ["description", "This is a silly cloud"], ["name", "Ironhack 34"], ["updated_at", Mon, 27 Jul 2015 15:57:36 UTC +00:00]]
  [1m[36m (0.3ms)[0m  [1mCOMMIT[0m
  [1m[35m (0.1ms)[0m  BEGIN
  [1m[36mSQL (0.4ms)[0m  [1mINSERT INTO "projects" ("created_at", "name", "updated_at") VALUES ($1, $2, $3) RETURNING "id"[0m  [["created_at", Mon, 27 Jul 2015 15:57:36 UTC +00:00], ["name", "Ironhack 0', description: 'This is a silly 0 cloud"], ["updated_at", Mon, 27 Jul 2015 15:57:36 UTC +00:00]]
  [1m[35m (0.3ms)[0m  COMMIT
  [1m[36m (0.1ms)[0m  [1mBEGIN[0m
  [1m[35mSQL (0.2ms)[0m  INSERT INTO "projects" ("created_at", "name", "updated_at") VALUES ($1, $2, $3) RETURNING "id"  [["created_at", Mon, 27 Jul 2015 15:57:36 UTC +00:00], ["name", "Ironhack 1', description: 'This is a silly 1 cloud"], ["updated_at", Mon, 27 Jul 2015 15:57:36 UTC +00:00]]
  [1m[36m (0.2ms)[0m  [1mCOMMIT[0m
  [1m[35m (0.1ms)[0m  BEGIN
  [1m[36mSQL (0.2ms)[0m  [1mINSERT INTO "projects" ("created_at", "name", "updated_at") VALUES ($1, $2, $3) RETURNING "id"[0m  [["created_at", Mon, 27 Jul 2015 15:57:36 UTC +00:00], ["name", "Ironhack 2', description: 'This is a silly 2 cloud"], ["updated_at", Mon, 27 Jul 2015 15:57:36 UTC +00:00]]
  [1m[35m (0.3ms)[0m  COMMIT
  [1m[36m (0.1ms)[0m  [1mBEGIN[0m
  [1m[35mSQL (0.3ms)[0m  INSERT INTO "projects" ("created_at", "name", "updated_at") VALUES ($1, $2, $3) RETURNING "id"  [["created_at", Mon, 27 Jul 2015 15:57:36 UTC +00:00], ["name", "Ironhack 3', description: 'This is a silly 3 cloud"], ["updated_at", Mon, 27 Jul 2015 15:57:36 UTC +00:00]]
  [1m[36m (0.3ms)[0m  [1mCOMMIT[0m
  [1m[35m (0.1ms)[0m  BEGIN
  [1m[36mSQL (0.2ms)[0m  [1mINSERT INTO "projects" ("created_at", "name", "updated_at") VALUES ($1, $2, $3) RETURNING "id"[0m  [["created_at", Mon, 27 Jul 2015 15:57:36 UTC +00:00], ["name", "Ironhack 4', description: 'This is a silly 4 cloud"], ["updated_at", Mon, 27 Jul 2015 15:57:36 UTC +00:00]]
  [1m[35m (0.3ms)[0m  COMMIT
  [1m[36m (0.1ms)[0m  [1mBEGIN[0m
  [1m[35mSQL (0.2ms)[0m  INSERT INTO "projects" ("created_at", "name", "updated_at") VALUES ($1, $2, $3) RETURNING "id"  [["created_at", Mon, 27 Jul 2015 15:57:36 UTC +00:00], ["name", "Ironhack 5', description: 'This is a silly 5 cloud"], ["updated_at", Mon, 27 Jul 2015 15:57:36 UTC +00:00]]
  [1m[36m (0.3ms)[0m  [1mCOMMIT[0m
  [1m[35m (0.1ms)[0m  BEGIN
  [1m[36mSQL (0.2ms)[0m  [1mINSERT INTO "projects" ("created_at", "name", "updated_at") VALUES ($1, $2, $3) RETURNING "id"[0m  [["created_at", Mon, 27 Jul 2015 15:57:36 UTC +00:00], ["name", "Ironhack 6', description: 'This is a silly 6 cloud"], ["updated_at", Mon, 27 Jul 2015 15:57:36 UTC +00:00]]
  [1m[35m (0.3ms)[0m  COMMIT
  [1m[36m (0.1ms)[0m  [1mBEGIN[0m
  [1m[35mSQL (0.2ms)[0m  INSERT INTO "projects" ("created_at", "name", "updated_at") VALUES ($1, $2, $3) RETURNING "id"  [["created_at", Mon, 27 Jul 2015 15:57:36 UTC +00:00], ["name", "Ironhack 7', description: 'This is a silly 7 cloud"], ["updated_at", Mon, 27 Jul 2015 15:57:36 UTC +00:00]]
  [1m[36m (0.3ms)[0m  [1mCOMMIT[0m
  [1m[35m (0.1ms)[0m  BEGIN
  [1m[36mSQL (0.2ms)[0m  [1mINSERT INTO "projects" ("created_at", "name", "updated_at") VALUES ($1, $2, $3) RETURNING "id"[0m  [["created_at", Mon, 27 Jul 2015 15:57:36 UTC +00:00], ["name", "Ironhack 8', description: 'This is a silly 8 cloud"], ["updated_at", Mon, 27 Jul 2015 15:57:36 UTC +00:00]]
  [1m[35m (0.3ms)[0m  COMMIT
  [1m[36m (0.1ms)[0m  [1mBEGIN[0m
  [1m[35mSQL (0.6ms)[0m  INSERT INTO "projects" ("created_at", "name", "updated_at") VALUES ($1, $2, $3) RETURNING "id"  [["created_at", Mon, 27 Jul 2015 15:57:36 UTC +00:00], ["name", "Ironhack 9', description: 'This is a silly 9 cloud"], ["updated_at", Mon, 27 Jul 2015 15:57:36 UTC +00:00]]
  [1m[36m (0.3ms)[0m  [1mCOMMIT[0m
  [1m[35m (0.1ms)[0m  BEGIN
  [1m[36mSQL (0.2ms)[0m  [1mINSERT INTO "projects" ("created_at", "name", "updated_at") VALUES ($1, $2, $3) RETURNING "id"[0m  [["created_at", Mon, 27 Jul 2015 15:57:36 UTC +00:00], ["name", "Ironhack 10', description: 'This is a silly 10 cloud"], ["updated_at", Mon, 27 Jul 2015 15:57:36 UTC +00:00]]
  [1m[35m (0.3ms)[0m  COMMIT
  [1m[36m (0.1ms)[0m  [1mBEGIN[0m
  [1m[35mSQL (0.2ms)[0m  INSERT INTO "projects" ("created_at", "name", "updated_at") VALUES ($1, $2, $3) RETURNING "id"  [["created_at", Mon, 27 Jul 2015 15:57:36 UTC +00:00], ["name", "Ironhack 11', description: 'This is a silly 11 cloud"], ["updated_at", Mon, 27 Jul 2015 15:57:36 UTC +00:00]]
  [1m[36m (0.3ms)[0m  [1mCOMMIT[0m
  [1m[35m (0.1ms)[0m  BEGIN
  [1m[36mSQL (0.2ms)[0m  [1mINSERT INTO "projects" ("created_at", "name", "updated_at") VALUES ($1, $2, $3) RETURNING "id"[0m  [["created_at", Mon, 27 Jul 2015 15:57:36 UTC +00:00], ["name", "Ironhack 12', description: 'This is a silly 12 cloud"], ["updated_at", Mon, 27 Jul 2015 15:57:36 UTC +00:00]]
  [1m[35m (0.2ms)[0m  COMMIT
  [1m[36m (0.1ms)[0m  [1mBEGIN[0m
  [1m[35mSQL (0.2ms)[0m  INSERT INTO "projects" ("created_at", "name", "updated_at") VALUES ($1, $2, $3) RETURNING "id"  [["created_at", Mon, 27 Jul 2015 15:57:36 UTC +00:00], ["name", "Ironhack 13', description: 'This is a silly 13 cloud"], ["updated_at", Mon, 27 Jul 2015 15:57:36 UTC +00:00]]
  [1m[36m (0.3ms)[0m  [1mCOMMIT[0m
  [1m[35m (0.1ms)[0m  BEGIN
  [1m[36mSQL (0.2ms)[0m  [1mINSERT INTO "projects" ("created_at", "name", "updated_at") VALUES ($1, $2, $3) RETURNING "id"[0m  [["created_at", Mon, 27 Jul 2015 15:57:36 UTC +00:00], ["name", "Ironhack 14', description: 'This is a silly 14 cloud"], ["updated_at", Mon, 27 Jul 2015 15:57:36 UTC +00:00]]
  [1m[35m (0.3ms)[0m  COMMIT
  [1m[36m (0.1ms)[0m  [1mBEGIN[0m
  [1m[35mSQL (0.2ms)[0m  INSERT INTO "projects" ("created_at", "name", "updated_at") VALUES ($1, $2, $3) RETURNING "id"  [["created_at", Mon, 27 Jul 2015 15:57:36 UTC +00:00], ["name", "Ironhack 15', description: 'This is a silly 15 cloud"], ["updated_at", Mon, 27 Jul 2015 15:57:36 UTC +00:00]]
  [1m[36m (0.3ms)[0m  [1mCOMMIT[0m
  [1m[35m (0.1ms)[0m  BEGIN
  [1m[36mSQL (0.2ms)[0m  [1mINSERT INTO "projects" ("created_at", "name", "updated_at") VALUES ($1, $2, $3) RETURNING "id"[0m  [["created_at", Mon, 27 Jul 2015 15:57:36 UTC +00:00], ["name", "Ironhack 16', description: 'This is a silly 16 cloud"], ["updated_at", Mon, 27 Jul 2015 15:57:36 UTC +00:00]]
  [1m[35m (0.3ms)[0m  COMMIT
  [1m[36m (0.1ms)[0m  [1mBEGIN[0m
  [1m[35mSQL (0.2ms)[0m  INSERT INTO "projects" ("created_at", "name", "updated_at") VALUES ($1, $2, $3) RETURNING "id"  [["created_at", Mon, 27 Jul 2015 15:57:36 UTC +00:00], ["name", "Ironhack 17', description: 'This is a silly 17 cloud"], ["updated_at", Mon, 27 Jul 2015 15:57:36 UTC +00:00]]
  [1m[36m (0.3ms)[0m  [1mCOMMIT[0m
  [1m[35m (0.1ms)[0m  BEGIN
  [1m[36mSQL (0.2ms)[0m  [1mINSERT INTO "projects" ("created_at", "name", "updated_at") VALUES ($1, $2, $3) RETURNING "id"[0m  [["created_at", Mon, 27 Jul 2015 15:57:36 UTC +00:00], ["name", "Ironhack 18', description: 'This is a silly 18 cloud"], ["updated_at", Mon, 27 Jul 2015 15:57:36 UTC +00:00]]
  [1m[35m (0.3ms)[0m  COMMIT
  [1m[36m (0.1ms)[0m  [1mBEGIN[0m
  [1m[35mSQL (0.2ms)[0m  INSERT INTO "projects" ("created_at", "name", "updated_at") VALUES ($1, $2, $3) RETURNING "id"  [["created_at", Mon, 27 Jul 2015 15:57:36 UTC +00:00], ["name", "Ironhack 19', description: 'This is a silly 19 cloud"], ["updated_at", Mon, 27 Jul 2015 15:57:36 UTC +00:00]]
  [1m[36m (0.3ms)[0m  [1mCOMMIT[0m
  [1m[35m (0.1ms)[0m  BEGIN
  [1m[36mSQL (0.2ms)[0m  [1mINSERT INTO "projects" ("created_at", "name", "updated_at") VALUES ($1, $2, $3) RETURNING "id"[0m  [["created_at", Mon, 27 Jul 2015 15:57:36 UTC +00:00], ["name", "Ironhack 20', description: 'This is a silly 20 cloud"], ["updated_at", Mon, 27 Jul 2015 15:57:36 UTC +00:00]]
  [1m[35m (0.2ms)[0m  COMMIT
  [1m[36m (0.1ms)[0m  [1mBEGIN[0m
  [1m[35mSQL (0.2ms)[0m  INSERT INTO "projects" ("created_at", "name", "updated_at") VALUES ($1, $2, $3) RETURNING "id"  [["created_at", Mon, 27 Jul 2015 15:57:36 UTC +00:00], ["name", "Ironhack 21', description: 'This is a silly 21 cloud"], ["updated_at", Mon, 27 Jul 2015 15:57:36 UTC +00:00]]
  [1m[36m (0.3ms)[0m  [1mCOMMIT[0m
  [1m[35m (0.1ms)[0m  BEGIN
  [1m[36mSQL (0.2ms)[0m  [1mINSERT INTO "projects" ("created_at", "name", "updated_at") VALUES ($1, $2, $3) RETURNING "id"[0m  [["created_at", Mon, 27 Jul 2015 15:57:36 UTC +00:00], ["name", "Ironhack 22', description: 'This is a silly 22 cloud"], ["updated_at", Mon, 27 Jul 2015 15:57:36 UTC +00:00]]
  [1m[35m (0.3ms)[0m  COMMIT
  [1m[36m (0.1ms)[0m  [1mBEGIN[0m
  [1m[35mSQL (0.3ms)[0m  INSERT INTO "projects" ("created_at", "name", "updated_at") VALUES ($1, $2, $3) RETURNING "id"  [["created_at", Mon, 27 Jul 2015 15:57:36 UTC +00:00], ["name", "Ironhack 23', description: 'This is a silly 23 cloud"], ["updated_at", Mon, 27 Jul 2015 15:57:36 UTC +00:00]]
  [1m[36m (0.4ms)[0m  [1mCOMMIT[0m
  [1m[35m (0.1ms)[0m  BEGIN
  [1m[36mSQL (0.2ms)[0m  [1mINSERT INTO "projects" ("created_at", "name", "updated_at") VALUES ($1, $2, $3) RETURNING "id"[0m  [["created_at", Mon, 27 Jul 2015 15:57:36 UTC +00:00], ["name", "Ironhack 24', description: 'This is a silly 24 cloud"], ["updated_at", Mon, 27 Jul 2015 15:57:36 UTC +00:00]]
  [1m[35m (0.3ms)[0m  COMMIT
  [1m[36mProject Load (2.4ms)[0m  [1mSELECT "projects".* FROM "projects"[0m
  [1m[35m (0.1ms)[0m  BEGIN
  [1m[36mSQL (1.6ms)[0m  [1mDELETE FROM "projects" WHERE "projects"."id" = $1[0m  [["id", 69]]
  [1m[35m (0.3ms)[0m  COMMIT
  [1m[36m (0.1ms)[0m  [1mBEGIN[0m
  [1m[35mSQL (0.2ms)[0m  DELETE FROM "projects" WHERE "projects"."id" = $1  [["id", 70]]
  [1m[36m (0.2ms)[0m  [1mCOMMIT[0m
  [1m[35m (0.1ms)[0m  BEGIN
  [1m[36mSQL (0.2ms)[0m  [1mDELETE FROM "projects" WHERE "projects"."id" = $1[0m  [["id", 71]]
  [1m[35m (0.3ms)[0m  COMMIT
  [1m[36m (0.1ms)[0m  [1mBEGIN[0m
  [1m[35mSQL (0.1ms)[0m  DELETE FROM "projects" WHERE "projects"."id" = $1  [["id", 72]]
  [1m[36m (0.2ms)[0m  [1mCOMMIT[0m
  [1m[35m (0.1ms)[0m  BEGIN
  [1m[36mSQL (0.1ms)[0m  [1mDELETE FROM "projects" WHERE "projects"."id" = $1[0m  [["id", 73]]
  [1m[35m (0.2ms)[0m  COMMIT
  [1m[36m (0.1ms)[0m  [1mBEGIN[0m
  [1m[35mSQL (0.1ms)[0m  DELETE FROM "projects" WHERE "projects"."id" = $1  [["id", 74]]
  [1m[36m (0.2ms)[0m  [1mCOMMIT[0m
  [1m[35m (0.1ms)[0m  BEGIN
  [1m[36mSQL (0.1ms)[0m  [1mDELETE FROM "projects" WHERE "projects"."id" = $1[0m  [["id", 75]]
  [1m[35m (0.2ms)[0m  COMMIT
  [1m[36m (0.1ms)[0m  [1mBEGIN[0m
  [1m[35mSQL (0.1ms)[0m  DELETE FROM "projects" WHERE "projects"."id" = $1  [["id", 76]]
  [1m[36m (0.1ms)[0m  [1mCOMMIT[0m
  [1m[35m (0.0ms)[0m  BEGIN
  [1m[36mSQL (0.1ms)[0m  [1mDELETE FROM "projects" WHERE "projects"."id" = $1[0m  [["id", 77]]
  [1m[35m (0.2ms)[0m  COMMIT
  [1m[36m (0.1ms)[0m  [1mBEGIN[0m
  [1m[35mSQL (0.1ms)[0m  DELETE FROM "projects" WHERE "projects"."id" = $1  [["id", 78]]
  [1m[36m (0.2ms)[0m  [1mCOMMIT[0m
  [1m[35m (0.1ms)[0m  BEGIN
  [1m[36mSQL (0.1ms)[0m  [1mDELETE FROM "projects" WHERE "projects"."id" = $1[0m  [["id", 79]]
  [1m[35m (0.2ms)[0m  COMMIT
  [1m[36m (0.1ms)[0m  [1mBEGIN[0m
  [1m[35mSQL (0.1ms)[0m  DELETE FROM "projects" WHERE "projects"."id" = $1  [["id", 80]]
  [1m[36m (0.2ms)[0m  [1mCOMMIT[0m
  [1m[35m (0.0ms)[0m  BEGIN
  [1m[36mSQL (0.1ms)[0m  [1mDELETE FROM "projects" WHERE "projects"."id" = $1[0m  [["id", 81]]
  [1m[35m (0.1ms)[0m  COMMIT
  [1m[36m (0.1ms)[0m  [1mBEGIN[0m
  [1m[35mSQL (0.1ms)[0m  DELETE FROM "projects" WHERE "projects"."id" = $1  [["id", 82]]
  [1m[36m (0.2ms)[0m  [1mCOMMIT[0m
  [1m[35m (0.1ms)[0m  BEGIN
  [1m[36mSQL (0.1ms)[0m  [1mDELETE FROM "projects" WHERE "projects"."id" = $1[0m  [["id", 83]]
  [1m[35m (0.2ms)[0m  COMMIT
  [1m[36m (0.0ms)[0m  [1mBEGIN[0m
  [1m[35mSQL (0.1ms)[0m  DELETE FROM "projects" WHERE "projects"."id" = $1  [["id", 84]]
  [1m[36m (0.2ms)[0m  [1mCOMMIT[0m
  [1m[35m (0.1ms)[0m  BEGIN
  [1m[36mSQL (0.1ms)[0m  [1mDELETE FROM "projects" WHERE "projects"."id" = $1[0m  [["id", 85]]
  [1m[35m (0.2ms)[0m  COMMIT
  [1m[36m (0.0ms)[0m  [1mBEGIN[0m
  [1m[35mSQL (0.1ms)[0m  DELETE FROM "projects" WHERE "projects"."id" = $1  [["id", 86]]
  [1m[36m (0.2ms)[0m  [1mCOMMIT[0m
  [1m[35m (0.0ms)[0m  BEGIN
  [1m[36mSQL (0.1ms)[0m  [1mDELETE FROM "projects" WHERE "projects"."id" = $1[0m  [["id", 87]]
  [1m[35m (0.2ms)[0m  COMMIT
  [1m[36m (0.0ms)[0m  [1mBEGIN[0m
  [1m[35mSQL (0.1ms)[0m  DELETE FROM "projects" WHERE "projects"."id" = $1  [["id", 88]]
  [1m[36m (0.2ms)[0m  [1mCOMMIT[0m
  [1m[35m (0.0ms)[0m  BEGIN
  [1m[36mSQL (0.1ms)[0m  [1mDELETE FROM "projects" WHERE "projects"."id" = $1[0m  [["id", 89]]
  [1m[35m (0.2ms)[0m  COMMIT
  [1m[36m (0.0ms)[0m  [1mBEGIN[0m
  [1m[35mSQL (0.1ms)[0m  DELETE FROM "projects" WHERE "projects"."id" = $1  [["id", 90]]
  [1m[36m (0.2ms)[0m  [1mCOMMIT[0m
  [1m[35m (0.0ms)[0m  BEGIN
  [1m[36mSQL (0.1ms)[0m  [1mDELETE FROM "projects" WHERE "projects"."id" = $1[0m  [["id", 91]]
  [1m[35m (0.2ms)[0m  COMMIT
  [1m[36m (0.0ms)[0m  [1mBEGIN[0m
  [1m[35mSQL (0.1ms)[0m  DELETE FROM "projects" WHERE "projects"."id" = $1  [["id", 92]]
  [1m[36m (0.2ms)[0m  [1mCOMMIT[0m
  [1m[35m (0.0ms)[0m  BEGIN
  [1m[36mSQL (0.1ms)[0m  [1mDELETE FROM "projects" WHERE "projects"."id" = $1[0m  [["id", 93]]
  [1m[35m (0.2ms)[0m  COMMIT
  [1m[36m (0.0ms)[0m  [1mBEGIN[0m
  [1m[35mSQL (0.1ms)[0m  DELETE FROM "projects" WHERE "projects"."id" = $1  [["id", 94]]
  [1m[36m (0.2ms)[0m  [1mCOMMIT[0m
  [1m[35m (0.0ms)[0m  BEGIN
  [1m[36mSQL (0.1ms)[0m  [1mDELETE FROM "projects" WHERE "projects"."id" = $1[0m  [["id", 95]]
  [1m[35m (0.2ms)[0m  COMMIT
  [1m[36m (0.1ms)[0m  [1mBEGIN[0m
  [1m[35mSQL (0.1ms)[0m  DELETE FROM "projects" WHERE "projects"."id" = $1  [["id", 96]]
  [1m[36m (0.2ms)[0m  [1mCOMMIT[0m
  [1m[35m (0.1ms)[0m  BEGIN
  [1m[36mSQL (0.1ms)[0m  [1mDELETE FROM "projects" WHERE "projects"."id" = $1[0m  [["id", 97]]
  [1m[35m (0.1ms)[0m  COMMIT
  [1m[36m (0.1ms)[0m  [1mBEGIN[0m
  [1m[35mSQL (0.2ms)[0m  DELETE FROM "projects" WHERE "projects"."id" = $1  [["id", 98]]
  [1m[36m (0.4ms)[0m  [1mCOMMIT[0m
  [1m[35m (0.1ms)[0m  BEGIN
  [1m[36mSQL (0.2ms)[0m  [1mDELETE FROM "projects" WHERE "projects"."id" = $1[0m  [["id", 99]]
  [1m[35m (0.3ms)[0m  COMMIT
  [1m[36mActiveRecord::SchemaMigration Load (0.3ms)[0m  [1mSELECT "schema_migrations".* FROM "schema_migrations"[0m
  [1m[35m (0.1ms)[0m  BEGIN
  [1m[36mSQL (2.2ms)[0m  [1mINSERT INTO "projects" ("created_at", "description", "name", "updated_at") VALUES ($1, $2, $3, $4) RETURNING "id"[0m  [["created_at", Mon, 27 Jul 2015 15:58:45 UTC +00:00], ["description", "This is a silly test"], ["name", "Ironhack"], ["updated_at", Mon, 27 Jul 2015 15:58:45 UTC +00:00]]
  [1m[35m (1.1ms)[0m  COMMIT
  [1m[36m (0.1ms)[0m  [1mBEGIN[0m
  [1m[35mSQL (0.3ms)[0m  INSERT INTO "projects" ("created_at", "description", "name", "updated_at") VALUES ($1, $2, $3, $4) RETURNING "id"  [["created_at", Mon, 27 Jul 2015 15:58:45 UTC +00:00], ["description", "This is a silly jdgkjsjd"], ["name", "Ironhack 75"], ["updated_at", Mon, 27 Jul 2015 15:58:45 UTC +00:00]]
  [1m[36m (0.4ms)[0m  [1mCOMMIT[0m
  [1m[35m (0.1ms)[0m  BEGIN
  [1m[36mSQL (0.3ms)[0m  [1mINSERT INTO "projects" ("created_at", "description", "name", "updated_at") VALUES ($1, $2, $3, $4) RETURNING "id"[0m  [["created_at", Mon, 27 Jul 2015 15:58:45 UTC +00:00], ["description", "lañkfl aklsjfkla skljaklsf"], ["name", "Ironhack 85"], ["updated_at", Mon, 27 Jul 2015 15:58:45 UTC +00:00]]
  [1m[35m (0.4ms)[0m  COMMIT
  [1m[36m (0.1ms)[0m  [1mBEGIN[0m
  [1m[35mSQL (0.3ms)[0m  INSERT INTO "projects" ("created_at", "description", "name", "updated_at") VALUES ($1, $2, $3, $4) RETURNING "id"  [["created_at", Mon, 27 Jul 2015 15:58:45 UTC +00:00], ["description", "This is a silly pear"], ["name", "Ironhack 54"], ["updated_at", Mon, 27 Jul 2015 15:58:45 UTC +00:00]]
  [1m[36m (0.3ms)[0m  [1mCOMMIT[0m
  [1m[35m (0.1ms)[0m  BEGIN
  [1m[36mSQL (0.3ms)[0m  [1mINSERT INTO "projects" ("created_at", "description", "name", "updated_at") VALUES ($1, $2, $3, $4) RETURNING "id"[0m  [["created_at", Mon, 27 Jul 2015 15:58:45 UTC +00:00], ["description", "This is a silly watermelon"], ["name", "Ironhack 99"], ["updated_at", Mon, 27 Jul 2015 15:58:45 UTC +00:00]]
  [1m[35m (0.3ms)[0m  COMMIT
  [1m[36m (0.1ms)[0m  [1mBEGIN[0m
  [1m[35mSQL (0.3ms)[0m  INSERT INTO "projects" ("created_at", "description", "name", "updated_at") VALUES ($1, $2, $3, $4) RETURNING "id"  [["created_at", Mon, 27 Jul 2015 15:58:45 UTC +00:00], ["description", "This is a silly cloud"], ["name", "Ironhack 34"], ["updated_at", Mon, 27 Jul 2015 15:58:45 UTC +00:00]]
  [1m[36m (0.3ms)[0m  [1mCOMMIT[0m
  [1m[35m (0.1ms)[0m  BEGIN
  [1m[36mSQL (0.2ms)[0m  [1mINSERT INTO "projects" ("created_at", "description", "name", "updated_at") VALUES ($1, $2, $3, $4) RETURNING "id"[0m  [["created_at", Mon, 27 Jul 2015 15:58:45 UTC +00:00], ["description", "This is a silly 0 cloud"], ["name", "Ironhack 0"], ["updated_at", Mon, 27 Jul 2015 15:58:45 UTC +00:00]]
  [1m[35m (0.3ms)[0m  COMMIT
  [1m[36m (0.1ms)[0m  [1mBEGIN[0m
  [1m[35mSQL (0.2ms)[0m  INSERT INTO "projects" ("created_at", "description", "name", "updated_at") VALUES ($1, $2, $3, $4) RETURNING "id"  [["created_at", Mon, 27 Jul 2015 15:58:45 UTC +00:00], ["description", "This is a silly 1 cloud"], ["name", "Ironhack 1"], ["updated_at", Mon, 27 Jul 2015 15:58:45 UTC +00:00]]
  [1m[36m (0.3ms)[0m  [1mCOMMIT[0m
  [1m[35m (0.1ms)[0m  BEGIN
  [1m[36mSQL (0.2ms)[0m  [1mINSERT INTO "projects" ("created_at", "description", "name", "updated_at") VALUES ($1, $2, $3, $4) RETURNING "id"[0m  [["created_at", Mon, 27 Jul 2015 15:58:45 UTC +00:00], ["description", "This is a silly 2 cloud"], ["name", "Ironhack 2"], ["updated_at", Mon, 27 Jul 2015 15:58:45 UTC +00:00]]
  [1m[35m (0.3ms)[0m  COMMIT
  [1m[36m (0.1ms)[0m  [1mBEGIN[0m
  [1m[35mSQL (0.2ms)[0m  INSERT INTO "projects" ("created_at", "description", "name", "updated_at") VALUES ($1, $2, $3, $4) RETURNING "id"  [["created_at", Mon, 27 Jul 2015 15:58:45 UTC +00:00], ["description", "This is a silly 3 cloud"], ["name", "Ironhack 3"], ["updated_at", Mon, 27 Jul 2015 15:58:45 UTC +00:00]]
  [1m[36m (0.3ms)[0m  [1mCOMMIT[0m
  [1m[35m (0.1ms)[0m  BEGIN
  [1m[36mSQL (0.2ms)[0m  [1mINSERT INTO "projects" ("created_at", "description", "name", "updated_at") VALUES ($1, $2, $3, $4) RETURNING "id"[0m  [["created_at", Mon, 27 Jul 2015 15:58:45 UTC +00:00], ["description", "This is a silly 4 cloud"], ["name", "Ironhack 4"], ["updated_at", Mon, 27 Jul 2015 15:58:45 UTC +00:00]]
  [1m[35m (0.3ms)[0m  COMMIT
  [1m[36m (0.1ms)[0m  [1mBEGIN[0m
  [1m[35mSQL (0.2ms)[0m  INSERT INTO "projects" ("created_at", "description", "name", "updated_at") VALUES ($1, $2, $3, $4) RETURNING "id"  [["created_at", Mon, 27 Jul 2015 15:58:45 UTC +00:00], ["description", "This is a silly 5 cloud"], ["name", "Ironhack 5"], ["updated_at", Mon, 27 Jul 2015 15:58:45 UTC +00:00]]
  [1m[36m (0.3ms)[0m  [1mCOMMIT[0m
  [1m[35m (0.1ms)[0m  BEGIN
  [1m[36mSQL (0.2ms)[0m  [1mINSERT INTO "projects" ("created_at", "description", "name", "updated_at") VALUES ($1, $2, $3, $4) RETURNING "id"[0m  [["created_at", Mon, 27 Jul 2015 15:58:45 UTC +00:00], ["description", "This is a silly 6 cloud"], ["name", "Ironhack 6"], ["updated_at", Mon, 27 Jul 2015 15:58:45 UTC +00:00]]
  [1m[35m (0.3ms)[0m  COMMIT
  [1m[36m (0.1ms)[0m  [1mBEGIN[0m
  [1m[35mSQL (0.2ms)[0m  INSERT INTO "projects" ("created_at", "description", "name", "updated_at") VALUES ($1, $2, $3, $4) RETURNING "id"  [["created_at", Mon, 27 Jul 2015 15:58:45 UTC +00:00], ["description", "This is a silly 7 cloud"], ["name", "Ironhack 7"], ["updated_at", Mon, 27 Jul 2015 15:58:45 UTC +00:00]]
  [1m[36m (0.2ms)[0m  [1mCOMMIT[0m
  [1m[35m (0.1ms)[0m  BEGIN
  [1m[36mSQL (0.2ms)[0m  [1mINSERT INTO "projects" ("created_at", "description", "name", "updated_at") VALUES ($1, $2, $3, $4) RETURNING "id"[0m  [["created_at", Mon, 27 Jul 2015 15:58:45 UTC +00:00], ["description", "This is a silly 8 cloud"], ["name", "Ironhack 8"], ["updated_at", Mon, 27 Jul 2015 15:58:45 UTC +00:00]]
  [1m[35m (0.3ms)[0m  COMMIT
  [1m[36m (0.1ms)[0m  [1mBEGIN[0m
  [1m[35mSQL (0.3ms)[0m  INSERT INTO "projects" ("created_at", "description", "name", "updated_at") VALUES ($1, $2, $3, $4) RETURNING "id"  [["created_at", Mon, 27 Jul 2015 15:58:45 UTC +00:00], ["description", "This is a silly 9 cloud"], ["name", "Ironhack 9"], ["updated_at", Mon, 27 Jul 2015 15:58:45 UTC +00:00]]
  [1m[36m (0.3ms)[0m  [1mCOMMIT[0m
  [1m[35m (0.1ms)[0m  BEGIN
  [1m[36mSQL (0.2ms)[0m  [1mINSERT INTO "projects" ("created_at", "description", "name", "updated_at") VALUES ($1, $2, $3, $4) RETURNING "id"[0m  [["created_at", Mon, 27 Jul 2015 15:58:45 UTC +00:00], ["description", "This is a silly 10 cloud"], ["name", "Ironhack 10"], ["updated_at", Mon, 27 Jul 2015 15:58:45 UTC +00:00]]
  [1m[35m (0.3ms)[0m  COMMIT
  [1m[36m (0.1ms)[0m  [1mBEGIN[0m
  [1m[35mSQL (0.2ms)[0m  INSERT INTO "projects" ("created_at", "description", "name", "updated_at") VALUES ($1, $2, $3, $4) RETURNING "id"  [["created_at", Mon, 27 Jul 2015 15:58:45 UTC +00:00], ["description", "This is a silly 11 cloud"], ["name", "Ironhack 11"], ["updated_at", Mon, 27 Jul 2015 15:58:45 UTC +00:00]]
  [1m[36m (0.2ms)[0m  [1mCOMMIT[0m
  [1m[35m (0.1ms)[0m  BEGIN
  [1m[36mSQL (0.2ms)[0m  [1mINSERT INTO "projects" ("created_at", "description", "name", "updated_at") VALUES ($1, $2, $3, $4) RETURNING "id"[0m  [["created_at", Mon, 27 Jul 2015 15:58:45 UTC +00:00], ["description", "This is a silly 12 cloud"], ["name", "Ironhack 12"], ["updated_at", Mon, 27 Jul 2015 15:58:45 UTC +00:00]]
  [1m[35m (0.3ms)[0m  COMMIT
  [1m[36m (0.1ms)[0m  [1mBEGIN[0m
  [1m[35mSQL (0.2ms)[0m  INSERT INTO "projects" ("created_at", "description", "name", "updated_at") VALUES ($1, $2, $3, $4) RETURNING "id"  [["created_at", Mon, 27 Jul 2015 15:58:45 UTC +00:00], ["description", "This is a silly 13 cloud"], ["name", "Ironhack 13"], ["updated_at", Mon, 27 Jul 2015 15:58:45 UTC +00:00]]
  [1m[36m (0.3ms)[0m  [1mCOMMIT[0m
  [1m[35m (0.1ms)[0m  BEGIN
  [1m[36mSQL (0.2ms)[0m  [1mINSERT INTO "projects" ("created_at", "description", "name", "updated_at") VALUES ($1, $2, $3, $4) RETURNING "id"[0m  [["created_at", Mon, 27 Jul 2015 15:58:45 UTC +00:00], ["description", "This is a silly 14 cloud"], ["name", "Ironhack 14"], ["updated_at", Mon, 27 Jul 2015 15:58:45 UTC +00:00]]
  [1m[35m (0.2ms)[0m  COMMIT
  [1m[36m (0.1ms)[0m  [1mBEGIN[0m
  [1m[35mSQL (0.2ms)[0m  INSERT INTO "projects" ("created_at", "description", "name", "updated_at") VALUES ($1, $2, $3, $4) RETURNING "id"  [["created_at", Mon, 27 Jul 2015 15:58:45 UTC +00:00], ["description", "This is a silly 15 cloud"], ["name", "Ironhack 15"], ["updated_at", Mon, 27 Jul 2015 15:58:45 UTC +00:00]]
  [1m[36m (0.3ms)[0m  [1mCOMMIT[0m
  [1m[35m (0.1ms)[0m  BEGIN
  [1m[36mSQL (0.2ms)[0m  [1mINSERT INTO "projects" ("created_at", "description", "name", "updated_at") VALUES ($1, $2, $3, $4) RETURNING "id"[0m  [["created_at", Mon, 27 Jul 2015 15:58:45 UTC +00:00], ["description", "This is a silly 16 cloud"], ["name", "Ironhack 16"], ["updated_at", Mon, 27 Jul 2015 15:58:45 UTC +00:00]]
  [1m[35m (0.3ms)[0m  COMMIT
  [1m[36m (0.1ms)[0m  [1mBEGIN[0m
  [1m[35mSQL (0.2ms)[0m  INSERT INTO "projects" ("created_at", "description", "name", "updated_at") VALUES ($1, $2, $3, $4) RETURNING "id"  [["created_at", Mon, 27 Jul 2015 15:58:45 UTC +00:00], ["description", "This is a silly 17 cloud"], ["name", "Ironhack 17"], ["updated_at", Mon, 27 Jul 2015 15:58:45 UTC +00:00]]
  [1m[36m (0.2ms)[0m  [1mCOMMIT[0m
  [1m[35m (0.1ms)[0m  BEGIN
  [1m[36mSQL (0.2ms)[0m  [1mINSERT INTO "projects" ("created_at", "description", "name", "updated_at") VALUES ($1, $2, $3, $4) RETURNING "id"[0m  [["created_at", Mon, 27 Jul 2015 15:58:45 UTC +00:00], ["description", "This is a silly 18 cloud"], ["name", "Ironhack 18"], ["updated_at", Mon, 27 Jul 2015 15:58:45 UTC +00:00]]
  [1m[35m (0.3ms)[0m  COMMIT
  [1m[36m (0.1ms)[0m  [1mBEGIN[0m
  [1m[35mSQL (0.3ms)[0m  INSERT INTO "projects" ("created_at", "description", "name", "updated_at") VALUES ($1, $2, $3, $4) RETURNING "id"  [["created_at", Mon, 27 Jul 2015 15:58:45 UTC +00:00], ["description", "This is a silly 19 cloud"], ["name", "Ironhack 19"], ["updated_at", Mon, 27 Jul 2015 15:58:45 UTC +00:00]]
  [1m[36m (0.3ms)[0m  [1mCOMMIT[0m
  [1m[35m (0.1ms)[0m  BEGIN
  [1m[36mSQL (0.2ms)[0m  [1mINSERT INTO "projects" ("created_at", "description", "name", "updated_at") VALUES ($1, $2, $3, $4) RETURNING "id"[0m  [["created_at", Mon, 27 Jul 2015 15:58:45 UTC +00:00], ["description", "This is a silly 20 cloud"], ["name", "Ironhack 20"], ["updated_at", Mon, 27 Jul 2015 15:58:45 UTC +00:00]]
  [1m[35m (0.2ms)[0m  COMMIT
  [1m[36m (0.1ms)[0m  [1mBEGIN[0m
  [1m[35mSQL (0.2ms)[0m  INSERT INTO "projects" ("created_at", "description", "name", "updated_at") VALUES ($1, $2, $3, $4) RETURNING "id"  [["created_at", Mon, 27 Jul 2015 15:58:45 UTC +00:00], ["description", "This is a silly 21 cloud"], ["name", "Ironhack 21"], ["updated_at", Mon, 27 Jul 2015 15:58:45 UTC +00:00]]
  [1m[36m (0.3ms)[0m  [1mCOMMIT[0m
  [1m[35m (0.1ms)[0m  BEGIN
  [1m[36mSQL (0.2ms)[0m  [1mINSERT INTO "projects" ("created_at", "description", "name", "updated_at") VALUES ($1, $2, $3, $4) RETURNING "id"[0m  [["created_at", Mon, 27 Jul 2015 15:58:45 UTC +00:00], ["description", "This is a silly 22 cloud"], ["name", "Ironhack 22"], ["updated_at", Mon, 27 Jul 2015 15:58:45 UTC +00:00]]
  [1m[35m (0.3ms)[0m  COMMIT
  [1m[36m (0.1ms)[0m  [1mBEGIN[0m
  [1m[35mSQL (0.2ms)[0m  INSERT INTO "projects" ("created_at", "description", "name", "updated_at") VALUES ($1, $2, $3, $4) RETURNING "id"  [["created_at", Mon, 27 Jul 2015 15:58:45 UTC +00:00], ["description", "This is a silly 23 cloud"], ["name", "Ironhack 23"], ["updated_at", Mon, 27 Jul 2015 15:58:45 UTC +00:00]]
  [1m[36m (0.3ms)[0m  [1mCOMMIT[0m
  [1m[35m (0.1ms)[0m  BEGIN
  [1m[36mSQL (0.2ms)[0m  [1mINSERT INTO "projects" ("created_at", "description", "name", "updated_at") VALUES ($1, $2, $3, $4) RETURNING "id"[0m  [["created_at", Mon, 27 Jul 2015 15:58:45 UTC +00:00], ["description", "This is a silly 24 cloud"], ["name", "Ironhack 24"], ["updated_at", Mon, 27 Jul 2015 15:58:45 UTC +00:00]]
  [1m[35m (0.2ms)[0m  COMMIT
